Using pre-set license
Built from '2021.2/staging' branch; Version is '2021.2.8f1 (d0e5f0a7b06a) revision 13690352'; Using compiler version '192829333'; Build Type 'Release'
OS: 'Windows 10  (10.0.19041) 64bit Professional' Language: 'ko' Physical Memory: 32720 MB
BatchMode: 1, IsHumanControllingUs: 0, StartBugReporterOnCrash: 0, Is64bit: 1, IsPro: 0

COMMAND LINE ARGUMENTS:
C:\Program Files\Unity\Hub\Editor\2021.2.8f1\Editor\Unity.exe
-adb2
-batchMode
-noUpm
-name
AssetImportWorker0
-projectPath
D:/06_RnD_Unity/UnityProbuilder/Probuilder
-logFile
Logs/AssetImportWorker0.log
-srvPort
55072
Successfully changed project path to: D:/06_RnD_Unity/UnityProbuilder/Probuilder
D:/06_RnD_Unity/UnityProbuilder/Probuilder
[UnityMemory] Configuration Parameters - Can be set up in boot.config
    "memorysetup-bucket-allocator-granularity=16"
    "memorysetup-bucket-allocator-bucket-count=8"
    "memorysetup-bucket-allocator-block-size=33554432"
    "memorysetup-bucket-allocator-block-count=8"
    "memorysetup-main-allocator-block-size=16777216"
    "memorysetup-thread-allocator-block-size=16777216"
    "memorysetup-gfx-main-allocator-block-size=16777216"
    "memorysetup-gfx-thread-allocator-block-size=16777216"
    "memorysetup-cache-allocator-block-size=4194304"
    "memorysetup-typetree-allocator-block-size=2097152"
    "memorysetup-profiler-bucket-allocator-granularity=16"
    "memorysetup-profiler-bucket-allocator-bucket-count=8"
    "memorysetup-profiler-bucket-allocator-block-size=33554432"
    "memorysetup-profiler-bucket-allocator-block-count=8"
    "memorysetup-profiler-allocator-block-size=16777216"
    "memorysetup-profiler-editor-allocator-block-size=1048576"
    "memorysetup-temp-allocator-size-main=16777216"
    "memorysetup-job-temp-allocator-block-size=2097152"
    "memorysetup-job-temp-allocator-block-size-background=1048576"
    "memorysetup-job-temp-allocator-reduction-small-platforms=262144"
    "memorysetup-temp-allocator-size-background-worker=32768"
    "memorysetup-temp-allocator-size-job-worker=262144"
    "memorysetup-temp-allocator-size-preload-manager=33554432"
    "memorysetup-temp-allocator-size-nav-mesh-worker=65536"
    "memorysetup-temp-allocator-size-audio-worker=65536"
    "memorysetup-temp-allocator-size-cloud-worker=32768"
    "memorysetup-temp-allocator-size-gi-baking-worker=262144"
    "memorysetup-temp-allocator-size-gfx=262144"
Refreshing native plugins compatible for Editor in 112.88 ms, found 4 plugins.
Preloading 0 native plugins for Editor in 0.00 ms.
Initialize engine version: 2021.2.8f1 (d0e5f0a7b06a)
[Subsystems] Discovering subsystems at path C:/Program Files/Unity/Hub/Editor/2021.2.8f1/Editor/Data/Resources/UnitySubsystems
[Subsystems] Discovering subsystems at path D:/06_RnD_Unity/UnityProbuilder/Probuilder/Assets
GfxDevice: creating device client; threaded=0; jobified=0
Direct3D:
    Version:  Direct3D 11.0 [level 11.1]
    Renderer: NVIDIA GeForce RTX 2070 SUPER (ID=0x1e84)
    Vendor:   NVIDIA
    VRAM:     8011 MB
    Driver:   27.21.14.5671
Initialize mono
Mono path[0] = 'C:/Program Files/Unity/Hub/Editor/2021.2.8f1/Editor/Data/Managed'
Mono path[1] = 'C:/Program Files/Unity/Hub/Editor/2021.2.8f1/Editor/Data/MonoBleedingEdge/lib/mono/unityjit-win32'
Mono config path = 'C:/Program Files/Unity/Hub/Editor/2021.2.8f1/Editor/Data/MonoBleedingEdge/etc'
Using monoOptions --debugger-agent=transport=dt_socket,embedding=1,server=y,suspend=n,address=127.0.0.1:56616
Begin MonoManager ReloadAssembly
Registering precompiled unity dll's ...
Register platform support module: C:/Program Files/Unity/Hub/Editor/2021.2.8f1/Editor/Data/PlaybackEngines/WindowsStandaloneSupport/UnityEditor.WindowsStandalone.Extensions.dll
Registered in 0.013168 seconds.
Native extension for WindowsStandalone target not found
Refreshing native plugins compatible for Editor in 108.30 ms, found 4 plugins.
Preloading 0 native plugins for Editor in 0.00 ms.
Mono: successfully reloaded assembly
- Completed reload, in  0.586 seconds
Domain Reload Profiling:
	ReloadAssembly (587ms)
		BeginReloadAssembly (83ms)
			ExecutionOrderSort (0ms)
			DisableScriptedObjects (0ms)
			BackupInstance (0ms)
			ReleaseScriptingObjects (0ms)
			CreateAndSetChildDomain (1ms)
		EndReloadAssembly (420ms)
			LoadAssemblies (79ms)
			RebuildTransferFunctionScriptingTraits (0ms)
			SetupTypeCache (87ms)
			ReleaseScriptCaches (0ms)
			RebuildScriptCaches (21ms)
			SetupLoadedEditorAssemblies (263ms)
				LogAssemblyErrors (0ms)
				InitializePlatformSupportModulesInManaged (16ms)
				SetLoadedEditorAssemblies (0ms)
				RefreshPlugins (108ms)
				BeforeProcessingInitializeOnLoad (1ms)
				ProcessInitializeOnLoadAttributes (97ms)
				ProcessInitializeOnLoadMethodAttributes (41ms)
				AfterProcessingInitializeOnLoad (0ms)
				EditorAssembliesLoaded (0ms)
			ExecutionOrderSort2 (0ms)
			AwakeInstancesAfterBackupRestoration (0ms)
Platform modules already initialized, skipping
Registering precompiled user dll's ...
Registered in 0.006487 seconds.
Begin MonoManager ReloadAssembly
Native extension for WindowsStandalone target not found
Refreshing native plugins compatible for Editor in 107.82 ms, found 4 plugins.
Preloading 0 native plugins for Editor in 0.00 ms.
Mono: successfully reloaded assembly
- Completed reload, in  1.872 seconds
Domain Reload Profiling:
	ReloadAssembly (1873ms)
		BeginReloadAssembly (116ms)
			ExecutionOrderSort (0ms)
			DisableScriptedObjects (5ms)
			BackupInstance (0ms)
			ReleaseScriptingObjects (0ms)
			CreateAndSetChildDomain (18ms)
		EndReloadAssembly (1668ms)
			LoadAssemblies (98ms)
			RebuildTransferFunctionScriptingTraits (0ms)
			SetupTypeCache (238ms)
			ReleaseScriptCaches (1ms)
			RebuildScriptCaches (59ms)
			SetupLoadedEditorAssemblies (1248ms)
				LogAssemblyErrors (0ms)
				InitializePlatformSupportModulesInManaged (10ms)
				SetLoadedEditorAssemblies (0ms)
				RefreshPlugins (108ms)
				BeforeProcessingInitializeOnLoad (118ms)
				ProcessInitializeOnLoadAttributes (957ms)
				ProcessInitializeOnLoadMethodAttributes (40ms)
				AfterProcessingInitializeOnLoad (15ms)
				EditorAssembliesLoaded (0ms)
			ExecutionOrderSort2 (0ms)
			AwakeInstancesAfterBackupRestoration (16ms)
Platform modules already initialized, skipping
========================================================================
Worker process is ready to serve import requests
Launched and connected shader compiler UnityShaderCompiler.exe after 0.08 seconds
Refreshing native plugins compatible for Editor in 1.14 ms, found 4 plugins.
Preloading 0 native plugins for Editor in 0.00 ms.
Unloading 6289 Unused Serialized files (Serialized files now loaded: 0)
Unloading 227 unused Assets / (2.3 MB). Loaded Objects now: 6707.
Memory consumption went from 254.1 MB to 251.8 MB.
Total: 5.539200 ms (FindLiveObjects: 0.700100 ms CreateObjectMapping: 0.259400 ms MarkObjects: 3.833400 ms  DeleteObjects: 0.744800 ms)

AssetImportParameters requested are different than current active one (requested -> active):
  custom:video-decoder-ogg-theora: a1e56fd34408186e4bbccfd4996cb3dc -> 
  custom:container-muxer-webm: aa71ff27fc2769a1b78a27578f13a17b -> 
  custom:container-demuxer-webm: 4f35f7cbe854078d1ac9338744f61a02 -> 
  custom:video-encoder-webm-vp8: eb34c28f22e8b96e1ab97ce403110664 -> 
  custom:audio-encoder-webm-vorbis: bf7c407c2cedff20999df2af8eb42d56 -> 
  custom:framework-win-MediaFoundation: 216162199b28c13a410421893ffa2e32 -> 
  custom:container-demuxer-ogg: 62fdf1f143b41e24485cea50d1cbac27 -> 
  custom:video-decoder-webm-vp8: 9c59270c3fd7afecdb556c50c9e8de78 -> 
  custom:audio-decoder-ogg-vorbis: bf7c407c2cedff20999df2af8eb42d56 -> 
========================================================================
Received Import Request.
  Time since last request: 19543.371603 seconds.
  path: Assets/StarterAssets/ThirdPersonController/Character/Models/Armature.fbx
  artifactKey: Guid(36078ab0369161e49a29d349ae3e0739) Importer(815301076,1909f56bfc062723c751e8b465ee728b)
Start importing Assets/StarterAssets/ThirdPersonController/Character/Models/Armature.fbx using Guid(36078ab0369161e49a29d349ae3e0739) Importer(815301076,1909f56bfc062723c751e8b465ee728b)  -> (artifact id: 'fc798679dc8eb27e72fd11b8c6295e2f') in 0.452388 seconds 
========================================================================
Received Prepare
Registering precompiled user dll's ...
Registered in 0.009297 seconds.
Begin MonoManager ReloadAssembly
Native extension for WindowsStandalone target not found
Refreshing native plugins compatible for Editor in 1.18 ms, found 4 plugins.
Preloading 0 native plugins for Editor in 0.00 ms.
Warning: Annotation not found!
UnityEngine.StackTraceUtility:ExtractStackTrace ()
UnityEditor.ProBuilder.EditorUtility:SetGizmoIconEnabled (System.Type,bool) (at Library/PackageCache/com.unity.probuilder@5.0.3/Editor/EditorCore/EditorUtility.cs:575)
UnityEditor.ProBuilder.HierarchyListener:.cctor () (at Library/PackageCache/com.unity.probuilder@5.0.3/Editor/EditorCore/HierarchyListener.cs:21)
System.Runtime.CompilerServices.RuntimeHelpers:RunClassConstructor (System.RuntimeTypeHandle)
UnityEditor.EditorAssemblies:ProcessInitializeOnLoadAttributes (System.Type[])

[Library/PackageCache/com.unity.probuilder@5.0.3/Editor/EditorCore/EditorUtility.cs line 575]

Mono: successfully reloaded assembly
- Completed reload, in  1.315 seconds
Domain Reload Profiling:
	ReloadAssembly (1316ms)
		BeginReloadAssembly (162ms)
			ExecutionOrderSort (0ms)
			DisableScriptedObjects (6ms)
			BackupInstance (0ms)
			ReleaseScriptingObjects (0ms)
			CreateAndSetChildDomain (44ms)
		EndReloadAssembly (1060ms)
			LoadAssemblies (106ms)
			RebuildTransferFunctionScriptingTraits (0ms)
			SetupTypeCache (242ms)
			ReleaseScriptCaches (2ms)
			RebuildScriptCaches (50ms)
			SetupLoadedEditorAssemblies (592ms)
				LogAssemblyErrors (0ms)
				InitializePlatformSupportModulesInManaged (12ms)
				SetLoadedEditorAssemblies (0ms)
				RefreshPlugins (1ms)
				BeforeProcessingInitializeOnLoad (84ms)
				ProcessInitializeOnLoadAttributes (417ms)
				ProcessInitializeOnLoadMethodAttributes (60ms)
				AfterProcessingInitializeOnLoad (17ms)
				EditorAssembliesLoaded (0ms)
			ExecutionOrderSort2 (0ms)
			AwakeInstancesAfterBackupRestoration (26ms)
Platform modules already initialized, skipping
Refreshing native plugins compatible for Editor in 1.52 ms, found 4 plugins.
Preloading 0 native plugins for Editor in 0.00 ms.
Unloading 6088 Unused Serialized files (Serialized files now loaded: 0)
Unloading 48 unused Assets / (1.9 MB). Loaded Objects now: 6793.
Memory consumption went from 248.0 MB to 246.1 MB.
Total: 4.823900 ms (FindLiveObjects: 0.582500 ms CreateObjectMapping: 0.165800 ms MarkObjects: 3.642600 ms  DeleteObjects: 0.431600 ms)

AssetImportParameters requested are different than current active one (requested -> active):
  custom:video-decoder-ogg-theora: a1e56fd34408186e4bbccfd4996cb3dc -> 
  custom:container-muxer-webm: aa71ff27fc2769a1b78a27578f13a17b -> 
  custom:container-demuxer-webm: 4f35f7cbe854078d1ac9338744f61a02 -> 
  custom:video-encoder-webm-vp8: eb34c28f22e8b96e1ab97ce403110664 -> 
  custom:audio-encoder-webm-vorbis: bf7c407c2cedff20999df2af8eb42d56 -> 
  custom:framework-win-MediaFoundation: 216162199b28c13a410421893ffa2e32 -> 
  custom:container-demuxer-ogg: 62fdf1f143b41e24485cea50d1cbac27 -> 
  custom:video-decoder-webm-vp8: 9c59270c3fd7afecdb556c50c9e8de78 -> 
  custom:audio-decoder-ogg-vorbis: bf7c407c2cedff20999df2af8eb42d56 -> 
========================================================================
Received Import Request.
  Time since last request: 274.268036 seconds.
  path: Assets/Readme.asset
  artifactKey: Guid(8105016687592461f977c054a80ce2f2) Importer(2089858483,934ff659095e30574adcf32a4c2f97b5)
Start importing Assets/Readme.asset using Guid(8105016687592461f977c054a80ce2f2) Importer(2089858483,934ff659095e30574adcf32a4c2f97b5)  -> (artifact id: '021d11f929a12cff9c57565c3c83a3c7') in 0.150202 seconds 
========================================================================
Received Import Request.
  Time since last request: 0.000021 seconds.
  path: Assets/StarterAssets/Readme.asset
  artifactKey: Guid(4181bfe715a83e843b7538d750dc57cc) Importer(2089858483,934ff659095e30574adcf32a4c2f97b5)
Start importing Assets/StarterAssets/Readme.asset using Guid(4181bfe715a83e843b7538d750dc57cc) Importer(2089858483,934ff659095e30574adcf32a4c2f97b5)  -> (artifact id: '702531e5de346242be6f06b95d820e2f') in 0.007598 seconds 
========================================================================
Received Import Request.
  Time since last request: 0.000037 seconds.
  path: Assets/StarterAssets/Environment/Prefabs/Box_100x100x100_Prefab.prefab
  artifactKey: Guid(e5f4daf24146ee040b5a2d7a73b30aa0) Importer(2089858483,934ff659095e30574adcf32a4c2f97b5)
Start importing Assets/StarterAssets/Environment/Prefabs/Box_100x100x100_Prefab.prefab using Guid(e5f4daf24146ee040b5a2d7a73b30aa0) Importer(2089858483,934ff659095e30574adcf32a4c2f97b5)  -> (artifact id: '32be839b6362139741c9901b2e514f9a') in 0.011233 seconds 
========================================================================
Received Import Request.
  Time since last request: 0.000018 seconds.
  path: Assets/StarterAssets/Mobile/Prefabs/CanvasInputs/UI_Canvas_StarterAssetsInputs_Joysticks.prefab
  artifactKey: Guid(2f7f3dde7ae722a4aafffe20691ad702) Importer(2089858483,934ff659095e30574adcf32a4c2f97b5)
Start importing Assets/StarterAssets/Mobile/Prefabs/CanvasInputs/UI_Canvas_StarterAssetsInputs_Joysticks.prefab using Guid(2f7f3dde7ae722a4aafffe20691ad702) Importer(2089858483,934ff659095e30574adcf32a4c2f97b5)  -> (artifact id: '7d0cd277168d88f69f326479fd16e50e') in 0.014899 seconds 
========================================================================
Received Import Request.
  Time since last request: 0.000018 seconds.
  path: Assets/StarterAssets/TutorialInfo/Icons/ReadMeImg.PNG
  artifactKey: Guid(44a17a5b205fcd349a24700e6f5615bd) Importer(2089858483,934ff659095e30574adcf32a4c2f97b5)
Start importing Assets/StarterAssets/TutorialInfo/Icons/ReadMeImg.PNG using Guid(44a17a5b205fcd349a24700e6f5615bd) Importer(2089858483,934ff659095e30574adcf32a4c2f97b5)  -> (artifact id: '9a97972acc165094342db43e30d787aa') in 0.013805 seconds 
========================================================================
Received Import Request.
  Time since last request: 0.000024 seconds.
  path: Assets/Materials/PavingStones111_PREVIEW.jpg
  artifactKey: Guid(8fb5a41f34f54554495985af44ab59e7) Importer(2089858483,934ff659095e30574adcf32a4c2f97b5)
Start importing Assets/Materials/PavingStones111_PREVIEW.jpg using Guid(8fb5a41f34f54554495985af44ab59e7) Importer(2089858483,934ff659095e30574adcf32a4c2f97b5)  -> (artifact id: 'be1c9e9012ae662a40806cf79cf0144a') in 0.010160 seconds 
========================================================================
Received Import Request.
  Time since last request: 0.000022 seconds.
  path: Assets/Materials/Bricks059_1K_AmbientOcclusion.jpg
  artifactKey: Guid(01bf48c5e58dd4f428254c7c661ddefb) Importer(2089858483,934ff659095e30574adcf32a4c2f97b5)
Start importing Assets/Materials/Bricks059_1K_AmbientOcclusion.jpg using Guid(01bf48c5e58dd4f428254c7c661ddefb) Importer(2089858483,934ff659095e30574adcf32a4c2f97b5)  -> (artifact id: '3695eb9acf9b04f6d263997bfe5198bd') in 0.008217 seconds 
========================================================================
Received Import Request.
  Time since last request: 0.000022 seconds.
  path: Assets/StarterAssets/Environment/Art/Materials/GridBlue_01_Mat.mat
  artifactKey: Guid(ff188f58422043f489060e28a5e4e0c0) Importer(2089858483,934ff659095e30574adcf32a4c2f97b5)
Start importing Assets/StarterAssets/Environment/Art/Materials/GridBlue_01_Mat.mat using Guid(ff188f58422043f489060e28a5e4e0c0) Importer(2089858483,934ff659095e30574adcf32a4c2f97b5)  -> (artifact id: '9f51873242ba1313102c12e7adf64e02') in 0.065050 seconds 
========================================================================
Received Import Request.
  Time since last request: 0.000024 seconds.
  path: Assets/StarterAssets/Environment/Prefabs/Stairs_200x100x200_Prefab.prefab
  artifactKey: Guid(466621a4836aa504c87c15d88722d465) Importer(2089858483,934ff659095e30574adcf32a4c2f97b5)
Start importing Assets/StarterAssets/Environment/Prefabs/Stairs_200x100x200_Prefab.prefab using Guid(466621a4836aa504c87c15d88722d465) Importer(2089858483,934ff659095e30574adcf32a4c2f97b5)  -> (artifact id: '628478deedb673f0a46a6398df33344c') in 0.008512 seconds 
========================================================================
Received Import Request.
  Time since last request: 0.000021 seconds.
  path: Assets/StarterAssets/Environment/Art/Models/Ramp_Mesh.fbx
  artifactKey: Guid(426a2785f8a940049aac2c246661cf09) Importer(2089858483,934ff659095e30574adcf32a4c2f97b5)
Start importing Assets/StarterAssets/Environment/Art/Models/Ramp_Mesh.fbx using Guid(426a2785f8a940049aac2c246661cf09) Importer(2089858483,934ff659095e30574adcf32a4c2f97b5)  -> (artifact id: 'f351ec840ecf5bcd32dec84ef68e990d') in 0.009218 seconds 
========================================================================
Received Import Request.
  Time since last request: 0.000033 seconds.
  path: Assets/StarterAssets/Environment/Prefabs/Environment_Prefab.prefab
  artifactKey: Guid(09aade0ecefd01e4b8f7661acf64f5c2) Importer(2089858483,934ff659095e30574adcf32a4c2f97b5)
Start importing Assets/StarterAssets/Environment/Prefabs/Environment_Prefab.prefab using Guid(09aade0ecefd01e4b8f7661acf64f5c2) Importer(2089858483,934ff659095e30574adcf32a4c2f97b5)  -> (artifact id: '4a49cc9dc03cdf59f8a8f36f4dbac0ab') in 0.011154 seconds 
========================================================================
Received Import Request.
  Time since last request: 0.000029 seconds.
  path: Assets/TutorialInfo/Scripts/Readme.cs
  artifactKey: Guid(fcf7219bab7fe46a1ad266029b2fee19) Importer(2089858483,934ff659095e30574adcf32a4c2f97b5)
Start importing Assets/TutorialInfo/Scripts/Readme.cs using Guid(fcf7219bab7fe46a1ad266029b2fee19) Importer(2089858483,934ff659095e30574adcf32a4c2f97b5)  -> (artifact id: '542d88041abc2f898bd5f37b60ee4d04') in 0.009525 seconds 
========================================================================
Received Import Request.
  Time since last request: 0.000021 seconds.
  path: Assets/Materials/Bricks059_PREVIEW.jpg
  artifactKey: Guid(82482e66d1974604ca268caf999e8ade) Importer(2089858483,934ff659095e30574adcf32a4c2f97b5)
Start importing Assets/Materials/Bricks059_PREVIEW.jpg using Guid(82482e66d1974604ca268caf999e8ade) Importer(2089858483,934ff659095e30574adcf32a4c2f97b5)  -> (artifact id: 'b569ef7511ad5248ec2397f0d8860189') in 0.007724 seconds 
========================================================================
Received Import Request.
  Time since last request: 0.000022 seconds.
  path: Assets/Materials/PavingStones111_1K_NormalDX.jpg
  artifactKey: Guid(1a75e5c56ced85d4a885f3c09b037a08) Importer(2089858483,934ff659095e30574adcf32a4c2f97b5)
Start importing Assets/Materials/PavingStones111_1K_NormalDX.jpg using Guid(1a75e5c56ced85d4a885f3c09b037a08) Importer(2089858483,934ff659095e30574adcf32a4c2f97b5)  -> (artifact id: '411b164df89873749921a58ffe9fa36f') in 0.006642 seconds 
========================================================================
Received Import Request.
  Time since last request: 0.000020 seconds.
  path: Assets/StarterAssets/Environment/Art/Models/Tunnel_Mesh.fbx
  artifactKey: Guid(f712806514868e54699156ec05dcb749) Importer(2089858483,934ff659095e30574adcf32a4c2f97b5)
Start importing Assets/StarterAssets/Environment/Art/Models/Tunnel_Mesh.fbx using Guid(f712806514868e54699156ec05dcb749) Importer(2089858483,934ff659095e30574adcf32a4c2f97b5)  -> (artifact id: 'ca2bf380c1b4301b62970c1e983f72f3') in 0.007820 seconds 
========================================================================
Received Import Request.
  Time since last request: 0.000022 seconds.
  path: Assets/StarterAssets/InputSystem/StarterAssets.inputactions
  artifactKey: Guid(4419d82f33d36e848b3ed5af4c8da37e) Importer(2089858483,934ff659095e30574adcf32a4c2f97b5)
Start importing Assets/StarterAssets/InputSystem/StarterAssets.inputactions using Guid(4419d82f33d36e848b3ed5af4c8da37e) Importer(2089858483,934ff659095e30574adcf32a4c2f97b5)  -> (artifact id: 'a92633f280cd13757de6781915c695fc') in 0.019337 seconds 
========================================================================
Received Import Request.
  Time since last request: 0.000023 seconds.
  path: Assets/StarterAssets/Environment/Prefabs/Structure_Prefab.prefab
  artifactKey: Guid(79e624e6a8770a946afb866fd94b394b) Importer(2089858483,934ff659095e30574adcf32a4c2f97b5)
Start importing Assets/StarterAssets/Environment/Prefabs/Structure_Prefab.prefab using Guid(79e624e6a8770a946afb866fd94b394b) Importer(2089858483,934ff659095e30574adcf32a4c2f97b5)  -> (artifact id: 'e7ca22cabd8b2e5faf08591682de7eb0') in 0.820047 seconds 
========================================================================
Received Import Request.
  Time since last request: 0.000023 seconds.
  path: Assets/StarterAssets/ThirdPersonController/Character/Animations/Locomotion--Walk_N.anim.fbx
  artifactKey: Guid(8269a9f8cf495034c817722ac21f309f) Importer(2089858483,934ff659095e30574adcf32a4c2f97b5)
Start importing Assets/StarterAssets/ThirdPersonController/Character/Animations/Locomotion--Walk_N.anim.fbx using Guid(8269a9f8cf495034c817722ac21f309f) Importer(2089858483,934ff659095e30574adcf32a4c2f97b5)  -> (artifact id: 'd3310fa43805c6e8ef5c742af39f5938') in 0.009192 seconds 
========================================================================
Received Import Request.
  Time since last request: 0.000031 seconds.
  path: Assets/StarterAssets/ThirdPersonController/Character/Textures/Armature_Arms_RGB.tif
  artifactKey: Guid(9b46b2c2f21deb843b7ac9242d5f13e6) Importer(2089858483,934ff659095e30574adcf32a4c2f97b5)
Start importing Assets/StarterAssets/ThirdPersonController/Character/Textures/Armature_Arms_RGB.tif using Guid(9b46b2c2f21deb843b7ac9242d5f13e6) Importer(2089858483,934ff659095e30574adcf32a4c2f97b5)  -> (artifact id: 'c7fc216f4ef661e533888612df20f60f') in 0.020289 seconds 
========================================================================
Received Import Request.
  Time since last request: 0.000023 seconds.
  path: Assets/StarterAssets/ThirdPersonController/Character/Animations/Jump--Jump.anim.fbx
  artifactKey: Guid(98f277b0c8055e143b2fcf058d3c27dc) Importer(2089858483,934ff659095e30574adcf32a4c2f97b5)
Start importing Assets/StarterAssets/ThirdPersonController/Character/Animations/Jump--Jump.anim.fbx using Guid(98f277b0c8055e143b2fcf058d3c27dc) Importer(2089858483,934ff659095e30574adcf32a4c2f97b5)  -> (artifact id: 'c9ecb19c0451a3435d44d9ad07480090') in 0.008934 seconds 
========================================================================
Received Import Request.
  Time since last request: 0.000024 seconds.
  path: Assets/StarterAssets/ThirdPersonController/Character/Textures/Armature_Arms_MetallicSmoothness.tif
  artifactKey: Guid(b41d630ccc344454bb1f27587f9acd70) Importer(2089858483,934ff659095e30574adcf32a4c2f97b5)
Start importing Assets/StarterAssets/ThirdPersonController/Character/Textures/Armature_Arms_MetallicSmoothness.tif using Guid(b41d630ccc344454bb1f27587f9acd70) Importer(2089858483,934ff659095e30574adcf32a4c2f97b5)  -> (artifact id: 'be64c444aca5bc03785686fae317c8c0') in 0.010502 seconds 
========================================================================
Received Import Request.
  Time since last request: 0.000018 seconds.
  path: Assets/StarterAssets/ThirdPersonController/Character/Textures/Armature_Body_Normal.tif
  artifactKey: Guid(2a3daea46c599324e873f935ab08000a) Importer(2089858483,934ff659095e30574adcf32a4c2f97b5)
Start importing Assets/StarterAssets/ThirdPersonController/Character/Textures/Armature_Body_Normal.tif using Guid(2a3daea46c599324e873f935ab08000a) Importer(2089858483,934ff659095e30574adcf32a4c2f97b5)  -> (artifact id: '98e548fd17dcdcb9c8a95acdc22f92b5') in 0.010756 seconds 
========================================================================
Received Import Request.
  Time since last request: 0.000023 seconds.
  path: Assets/StarterAssets/ThirdPersonController/Character/Textures/Armature_Legs_RGB.tif
  artifactKey: Guid(64d6bedfd9838e14fb51c78c8e947042) Importer(2089858483,934ff659095e30574adcf32a4c2f97b5)
Start importing Assets/StarterAssets/ThirdPersonController/Character/Textures/Armature_Legs_RGB.tif using Guid(64d6bedfd9838e14fb51c78c8e947042) Importer(2089858483,934ff659095e30574adcf32a4c2f97b5)  -> (artifact id: '63c4c90a566ae779c0a175bb8e6be5fe') in 0.010959 seconds 
========================================================================
Received Import Request.
  Time since last request: 0.000031 seconds.
  path: Assets/StarterAssets/ThirdPersonController/Character/Animations/StarterAssetsThirdPerson.controller
  artifactKey: Guid(40db3173a05ae3242b1c182a09b0a183) Importer(2089858483,934ff659095e30574adcf32a4c2f97b5)
Start importing Assets/StarterAssets/ThirdPersonController/Character/Animations/StarterAssetsThirdPerson.controller using Guid(40db3173a05ae3242b1c182a09b0a183) Importer(2089858483,934ff659095e30574adcf32a4c2f97b5)  -> (artifact id: '466fe04a15e35c4db684cd4c8040b8c6') in 0.021135 seconds 
========================================================================
Received Import Request.
  Time since last request: 0.000022 seconds.
  path: Assets/StarterAssets/ThirdPersonController/Character/Materials/M_Armature_Arms.mat
  artifactKey: Guid(766fd3ff04aab4745a764d33daac86fa) Importer(2089858483,934ff659095e30574adcf32a4c2f97b5)
Start importing Assets/StarterAssets/ThirdPersonController/Character/Materials/M_Armature_Arms.mat using Guid(766fd3ff04aab4745a764d33daac86fa) Importer(2089858483,934ff659095e30574adcf32a4c2f97b5)  -> (artifact id: 'b9b4378f63e458600ea7856e556661f9') in 0.008760 seconds 
========================================================================
Received Import Request.
  Time since last request: 0.000023 seconds.
  path: Assets/Settings/URP-Balanced-Renderer.asset
  artifactKey: Guid(e634585d5c4544dd297acaee93dc2beb) Importer(2089858483,934ff659095e30574adcf32a4c2f97b5)
Start importing Assets/Settings/URP-Balanced-Renderer.asset using Guid(e634585d5c4544dd297acaee93dc2beb) Importer(2089858483,934ff659095e30574adcf32a4c2f97b5)  -> (artifact id: 'b1240c44fc28d4e96107932ee61edd3a') in 0.010740 seconds 
========================================================================
Received Import Request.
  Time since last request: 0.000024 seconds.
  path: Assets/TutorialInfo/Layout.wlt
  artifactKey: Guid(eabc9546105bf4accac1fd62a63e88e6) Importer(2089858483,934ff659095e30574adcf32a4c2f97b5)
Start importing Assets/TutorialInfo/Layout.wlt using Guid(eabc9546105bf4accac1fd62a63e88e6) Importer(2089858483,934ff659095e30574adcf32a4c2f97b5)  -> (artifact id: 'fa3750c3a32e39d36cb7486126cae29b') in 0.011383 seconds 
========================================================================
Received Import Request.
  Time since last request: 0.000026 seconds.
  path: Assets/StarterAssets/Environment/Art/Models/Ramp_100x100x200_Mesh.fbx
  artifactKey: Guid(bfff06aaff363a847ad37bf592364e6b) Importer(2089858483,934ff659095e30574adcf32a4c2f97b5)
Start importing Assets/StarterAssets/Environment/Art/Models/Ramp_100x100x200_Mesh.fbx using Guid(bfff06aaff363a847ad37bf592364e6b) Importer(2089858483,934ff659095e30574adcf32a4c2f97b5)  -> (artifact id: 'b3c4ceec507ad0ab5f351b676a89322e') in 0.009161 seconds 
========================================================================
Received Import Request.
  Time since last request: 0.000029 seconds.
  path: Assets/StarterAssets/ThirdPersonController/Character/Animations/Jump--InAir.anim.fbx
  artifactKey: Guid(063aa479676c4084ebf187660ca0a7b8) Importer(2089858483,934ff659095e30574adcf32a4c2f97b5)
Start importing Assets/StarterAssets/ThirdPersonController/Character/Animations/Jump--InAir.anim.fbx using Guid(063aa479676c4084ebf187660ca0a7b8) Importer(2089858483,934ff659095e30574adcf32a4c2f97b5)  -> (artifact id: 'b79d4c7429c736dabc97b44ee004d87d') in 0.009597 seconds 
========================================================================
Received Import Request.
  Time since last request: 0.000025 seconds.
  path: Assets/StarterAssets/ThirdPersonController/Character/Animations/Locomotion--Walk_N_Land.anim.fbx
  artifactKey: Guid(325a26d62b61fa94cb3c97c435efebc5) Importer(2089858483,934ff659095e30574adcf32a4c2f97b5)
Start importing Assets/StarterAssets/ThirdPersonController/Character/Animations/Locomotion--Walk_N_Land.anim.fbx using Guid(325a26d62b61fa94cb3c97c435efebc5) Importer(2089858483,934ff659095e30574adcf32a4c2f97b5)  -> (artifact id: '5e5209518bb23ee58635b416280a5f08') in 0.010450 seconds 
========================================================================
Received Import Request.
  Time since last request: 0.000022 seconds.
  path: Assets/StarterAssets/Mobile/Prefabs/CanvasInputs/UI_Canvas_StarterAssetsInputs_TouchZones.prefab
  artifactKey: Guid(7484ce6f8ca3d81408c606b5ae8b9ff3) Importer(2089858483,934ff659095e30574adcf32a4c2f97b5)
Start importing Assets/StarterAssets/Mobile/Prefabs/CanvasInputs/UI_Canvas_StarterAssetsInputs_TouchZones.prefab using Guid(7484ce6f8ca3d81408c606b5ae8b9ff3) Importer(2089858483,934ff659095e30574adcf32a4c2f97b5)  -> (artifact id: 'f5b78555626749832c9678eab0c0f484') in 0.010429 seconds 
========================================================================
Received Import Request.
  Time since last request: 0.000022 seconds.
  path: Assets/Materials/Bricks059_1K_Roughness.jpg
  artifactKey: Guid(ffd99ba8917e2fb4baff1bea78145a9f) Importer(2089858483,934ff659095e30574adcf32a4c2f97b5)
Start importing Assets/Materials/Bricks059_1K_Roughness.jpg using Guid(ffd99ba8917e2fb4baff1bea78145a9f) Importer(2089858483,934ff659095e30574adcf32a4c2f97b5)  -> (artifact id: 'b9dd5cdb40170f210793d9ac98344396') in 0.008502 seconds 
========================================================================
Received Import Request.
  Time since last request: 0.000035 seconds.
  path: Assets/StarterAssets/ThirdPersonController/Character/Textures/Armature_Body_AlbedoTransparency.tif
  artifactKey: Guid(28d78c5517421f047b88352f3b18e8e7) Importer(2089858483,934ff659095e30574adcf32a4c2f97b5)
Start importing Assets/StarterAssets/ThirdPersonController/Character/Textures/Armature_Body_AlbedoTransparency.tif using Guid(28d78c5517421f047b88352f3b18e8e7) Importer(2089858483,934ff659095e30574adcf32a4c2f97b5)  -> (artifact id: 'ba9666121ca953de1a1a2e471f3b873a') in 0.012263 seconds 
========================================================================
Received Import Request.
  Time since last request: 0.000031 seconds.
  path: Assets/StarterAssets/ThirdPersonController/Scripts/ThirdPersonController.cs
  artifactKey: Guid(26e54e5a728a9234ab24fcf1460ed8a2) Importer(2089858483,934ff659095e30574adcf32a4c2f97b5)
Start importing Assets/StarterAssets/ThirdPersonController/Scripts/ThirdPersonController.cs using Guid(26e54e5a728a9234ab24fcf1460ed8a2) Importer(2089858483,934ff659095e30574adcf32a4c2f97b5)  -> (artifact id: 'a4185629efe171ee731b1def090ca1c6') in 0.008239 seconds 
========================================================================
Received Import Request.
  Time since last request: 0.000029 seconds.
  path: Assets/Materials/PavingStones111_1K_Color.jpg
  artifactKey: Guid(45ff50a6c5524694da487042dc3c3429) Importer(2089858483,934ff659095e30574adcf32a4c2f97b5)
Start importing Assets/Materials/PavingStones111_1K_Color.jpg using Guid(45ff50a6c5524694da487042dc3c3429) Importer(2089858483,934ff659095e30574adcf32a4c2f97b5)  -> (artifact id: 'd206bfcaefdd221dbab29aba5fcf9199') in 0.008927 seconds 
========================================================================
Received Import Request.
  Time since last request: 0.000033 seconds.
  path: Assets/StarterAssets/Environment/Art/Materials/GreyBlue_Mat.mat
  artifactKey: Guid(6b911390c5825014e8377183a7837d3f) Importer(2089858483,934ff659095e30574adcf32a4c2f97b5)
Start importing Assets/StarterAssets/Environment/Art/Materials/GreyBlue_Mat.mat using Guid(6b911390c5825014e8377183a7837d3f) Importer(2089858483,934ff659095e30574adcf32a4c2f97b5)  -> (artifact id: '6a1148c3bbaa6f7ef33be223a9d9db68') in 0.008434 seconds 
========================================================================
Received Import Request.
  Time since last request: 0.000024 seconds.
  path: Assets/StarterAssets/ThirdPersonController/Prefabs/NestedParentArmature_Unpack.prefab
  artifactKey: Guid(c708a3b79cd542b42bbfedb17e213bc1) Importer(2089858483,934ff659095e30574adcf32a4c2f97b5)
Start importing Assets/StarterAssets/ThirdPersonController/Prefabs/NestedParentArmature_Unpack.prefab using Guid(c708a3b79cd542b42bbfedb17e213bc1) Importer(2089858483,934ff659095e30574adcf32a4c2f97b5)  -> (artifact id: 'd07b9c46a3e3bfd9432f529fe63d6806') in 0.023668 seconds 
========================================================================
Received Import Request.
  Time since last request: 0.000026 seconds.
  path: Assets/StarterAssets/Environment/Art/Models/Ground_Mesh.fbx
  artifactKey: Guid(aa38d7b0e367ecc4aac915dcfe957879) Importer(2089858483,934ff659095e30574adcf32a4c2f97b5)
Start importing Assets/StarterAssets/Environment/Art/Models/Ground_Mesh.fbx using Guid(aa38d7b0e367ecc4aac915dcfe957879) Importer(2089858483,934ff659095e30574adcf32a4c2f97b5)  -> (artifact id: '8c8c10ce5aa4f487352f0447627362e1') in 0.008294 seconds 
========================================================================
Received Import Request.
  Time since last request: 0.000029 seconds.
  path: Assets/StarterAssets/ThirdPersonController/Prefabs/MainCamera.prefab
  artifactKey: Guid(f6d148d888ffbf54b9afe9936dfaec1f) Importer(2089858483,934ff659095e30574adcf32a4c2f97b5)
Start importing Assets/StarterAssets/ThirdPersonController/Prefabs/MainCamera.prefab using Guid(f6d148d888ffbf54b9afe9936dfaec1f) Importer(2089858483,934ff659095e30574adcf32a4c2f97b5)  -> (artifact id: 'fd2fe41339908bb59adbfed454bb2a88') in 0.008220 seconds 
========================================================================
Received Import Request.
  Time since last request: 0.000039 seconds.
  path: Assets/StarterAssets/Environment/Art/Skybox/SkyboxLiteWarm.mat
  artifactKey: Guid(aeab33f69c199e54794f516d31450ec4) Importer(2089858483,934ff659095e30574adcf32a4c2f97b5)
Start importing Assets/StarterAssets/Environment/Art/Skybox/SkyboxLiteWarm.mat using Guid(aeab33f69c199e54794f516d31450ec4) Importer(2089858483,934ff659095e30574adcf32a4c2f97b5)  -> (artifact id: '50b30e470cc8a4a309c0509fc9cb4607') in 0.006931 seconds 
========================================================================
Received Import Request.
  Time since last request: 0.000032 seconds.
  path: Assets/StarterAssets/Mobile/Scripts/Utilities/MobileDisableAutoSwitchControls.cs
  artifactKey: Guid(901182334643ba1438a25accc6bd0c79) Importer(2089858483,934ff659095e30574adcf32a4c2f97b5)
Start importing Assets/StarterAssets/Mobile/Scripts/Utilities/MobileDisableAutoSwitchControls.cs using Guid(901182334643ba1438a25accc6bd0c79) Importer(2089858483,934ff659095e30574adcf32a4c2f97b5)  -> (artifact id: 'c3723ba932ff274d357fd0e6ab84a0c6') in 0.007378 seconds 
========================================================================
Received Import Request.
  Time since last request: 0.000021 seconds.
  path: Assets/StarterAssets/ThirdPersonController/Scripts/BasicRigidBodyPush.cs
  artifactKey: Guid(909d917d73a63f940ac158d02e936645) Importer(2089858483,934ff659095e30574adcf32a4c2f97b5)
Start importing Assets/StarterAssets/ThirdPersonController/Scripts/BasicRigidBodyPush.cs using Guid(909d917d73a63f940ac158d02e936645) Importer(2089858483,934ff659095e30574adcf32a4c2f97b5)  -> (artifact id: '63c6fb9e1fce95d7bd97dbd737f06017') in 0.007275 seconds 
========================================================================
Received Import Request.
  Time since last request: 0.000031 seconds.
  path: Assets/StarterAssets/InputSystem/StarterAssets.inputsettings.asset
  artifactKey: Guid(9e7be553448fa2546aea5752021cbcf7) Importer(2089858483,934ff659095e30574adcf32a4c2f97b5)
Start importing Assets/StarterAssets/InputSystem/StarterAssets.inputsettings.asset using Guid(9e7be553448fa2546aea5752021cbcf7) Importer(2089858483,934ff659095e30574adcf32a4c2f97b5)  -> (artifact id: '39eaac181b6f0147849e8782683f2a9f') in 0.008470 seconds 
========================================================================
Received Import Request.
  Time since last request: 0.000022 seconds.
  path: Assets/Settings/URP-Performant-Renderer.asset
  artifactKey: Guid(707360a9c581a4bd7aa53bfeb1429f71) Importer(2089858483,934ff659095e30574adcf32a4c2f97b5)
Start importing Assets/Settings/URP-Performant-Renderer.asset using Guid(707360a9c581a4bd7aa53bfeb1429f71) Importer(2089858483,934ff659095e30574adcf32a4c2f97b5)  -> (artifact id: 'f1b7e8f5e20a27707444e54e2aba5139') in 0.008568 seconds 
========================================================================
Received Import Request.
  Time since last request: 0.000022 seconds.
  path: Assets/TutorialInfo/Scripts/Editor/ReadmeEditor.cs
  artifactKey: Guid(476cc7d7cd9874016adc216baab94a0a) Importer(2089858483,934ff659095e30574adcf32a4c2f97b5)
Start importing Assets/TutorialInfo/Scripts/Editor/ReadmeEditor.cs using Guid(476cc7d7cd9874016adc216baab94a0a) Importer(2089858483,934ff659095e30574adcf32a4c2f97b5)  -> (artifact id: 'bb40a3b66c4bde6c77566a4ed7d7686e') in 0.007165 seconds 
========================================================================
Received Import Request.
  Time since last request: 0.000026 seconds.
  path: Assets/StarterAssets/Environment/Art/Materials/Blue_Mat.mat
  artifactKey: Guid(979aef027a1c86c42a15ce35fce366fa) Importer(2089858483,934ff659095e30574adcf32a4c2f97b5)
Start importing Assets/StarterAssets/Environment/Art/Materials/Blue_Mat.mat using Guid(979aef027a1c86c42a15ce35fce366fa) Importer(2089858483,934ff659095e30574adcf32a4c2f97b5)  -> (artifact id: '2377e250dcbbe17d734c6c5c084826af') in 0.007147 seconds 
========================================================================
Received Import Request.
  Time since last request: 0.000022 seconds.
  path: Assets/StarterAssets/Environment/Art/Materials/Built-in_RP/BuiltInTriplanar_01_Mat.mat
  artifactKey: Guid(3300a5c4710bac244815734e484b3b90) Importer(2089858483,934ff659095e30574adcf32a4c2f97b5)
Start importing Assets/StarterAssets/Environment/Art/Materials/Built-in_RP/BuiltInTriplanar_01_Mat.mat using Guid(3300a5c4710bac244815734e484b3b90) Importer(2089858483,934ff659095e30574adcf32a4c2f97b5)  -> (artifact id: '11d71ab0f506d443144198d53a95a27d') in 0.007422 seconds 
========================================================================
Received Import Request.
  Time since last request: 0.000025 seconds.
  path: Assets/StarterAssets/ThirdPersonController/Character/Materials/Built-in_RP/M_ArmatureColor_Body.mat
  artifactKey: Guid(9564d3bbc73fcb64792156cb4e2758a4) Importer(2089858483,934ff659095e30574adcf32a4c2f97b5)
Start importing Assets/StarterAssets/ThirdPersonController/Character/Materials/Built-in_RP/M_ArmatureColor_Body.mat using Guid(9564d3bbc73fcb64792156cb4e2758a4) Importer(2089858483,934ff659095e30574adcf32a4c2f97b5)  -> (artifact id: '1cba3d0d25f961e141961c90993ddcd0') in 0.007622 seconds 
========================================================================
Received Import Request.
  Time since last request: 0.000030 seconds.
  path: Assets/StarterAssets/ThirdPersonController/Character/Materials/Built-in_RP/M_ArmatureColor_Legs.mat
  artifactKey: Guid(3ffbe936d08df274e97d160a90856750) Importer(2089858483,934ff659095e30574adcf32a4c2f97b5)
Start importing Assets/StarterAssets/ThirdPersonController/Character/Materials/Built-in_RP/M_ArmatureColor_Legs.mat using Guid(3ffbe936d08df274e97d160a90856750) Importer(2089858483,934ff659095e30574adcf32a4c2f97b5)  -> (artifact id: 'cdff3ed5eef24b1d57e0c60f9fb7c33c') in 0.007479 seconds 
========================================================================
Received Import Request.
  Time since last request: 0.000023 seconds.
  path: Assets/StarterAssets/ThirdPersonController/Character/Materials/Built-in_RP/M_ArmatureColor_Arms.mat
  artifactKey: Guid(dcce18b7a5cdb7d43a2cdeb041f727a3) Importer(2089858483,934ff659095e30574adcf32a4c2f97b5)
Start importing Assets/StarterAssets/ThirdPersonController/Character/Materials/Built-in_RP/M_ArmatureColor_Arms.mat using Guid(dcce18b7a5cdb7d43a2cdeb041f727a3) Importer(2089858483,934ff659095e30574adcf32a4c2f97b5)  -> (artifact id: '9b14d81b877bde4e8ca0fe7f8560a32a') in 0.013389 seconds 
========================================================================
Received Import Request.
  Time since last request: 0.000029 seconds.
  path: Assets/StarterAssets/Environment/Prefabs/Box_350x250x300_Prefab.prefab
  artifactKey: Guid(687dbafc2b84b2846b9a4a7a7dae2a7e) Importer(2089858483,934ff659095e30574adcf32a4c2f97b5)
Start importing Assets/StarterAssets/Environment/Prefabs/Box_350x250x300_Prefab.prefab using Guid(687dbafc2b84b2846b9a4a7a7dae2a7e) Importer(2089858483,934ff659095e30574adcf32a4c2f97b5)  -> (artifact id: '72e57cc4435a1b8eb5274ff29d4fe707') in 0.008774 seconds 
========================================================================
Received Import Request.
  Time since last request: 0.000025 seconds.
  path: Assets/StarterAssets/Environment/Art/Materials/GridOrange_01_Mat.mat
  artifactKey: Guid(7ab977a21c92388468ee65ad1c0e5a78) Importer(2089858483,934ff659095e30574adcf32a4c2f97b5)
Start importing Assets/StarterAssets/Environment/Art/Materials/GridOrange_01_Mat.mat using Guid(7ab977a21c92388468ee65ad1c0e5a78) Importer(2089858483,934ff659095e30574adcf32a4c2f97b5)  -> (artifact id: 'd40d146da08b6512c6c1c6105583ad21') in 0.031256 seconds 
========================================================================
Received Import Request.
  Time since last request: 0.000030 seconds.
  path: Assets/StarterAssets/Mobile/UI/UI_Icon_Jump.png
  artifactKey: Guid(751aa1b6637101946b2fdbb7aa27d6ad) Importer(2089858483,934ff659095e30574adcf32a4c2f97b5)
Start importing Assets/StarterAssets/Mobile/UI/UI_Icon_Jump.png using Guid(751aa1b6637101946b2fdbb7aa27d6ad) Importer(2089858483,934ff659095e30574adcf32a4c2f97b5)  -> (artifact id: '8193da00308655f105377e5e0b01e84a') in 0.024212 seconds 
========================================================================
Received Import Request.
  Time since last request: 0.000039 seconds.
  path: Assets/StarterAssets/Environment/Prefabs/Stairs_650_400_300_Prefab.prefab
  artifactKey: Guid(50a0925b0c22af146a2d15615f815a1c) Importer(2089858483,934ff659095e30574adcf32a4c2f97b5)
Start importing Assets/StarterAssets/Environment/Prefabs/Stairs_650_400_300_Prefab.prefab using Guid(50a0925b0c22af146a2d15615f815a1c) Importer(2089858483,934ff659095e30574adcf32a4c2f97b5)  -> (artifact id: '03bfcd53645139523a431aeb37046421') in 0.010125 seconds 
========================================================================
Received Import Request.
  Time since last request: 0.000032 seconds.
  path: Assets/StarterAssets/ThirdPersonController/Character/Textures/Armature_Legs_MetallicSmoothness.tif
  artifactKey: Guid(1c98c94efa7792645972ecf95e6f86c2) Importer(2089858483,934ff659095e30574adcf32a4c2f97b5)
Start importing Assets/StarterAssets/ThirdPersonController/Character/Textures/Armature_Legs_MetallicSmoothness.tif using Guid(1c98c94efa7792645972ecf95e6f86c2) Importer(2089858483,934ff659095e30574adcf32a4c2f97b5)  -> (artifact id: '7226014bc44dcfffb0c7f24f7b071855') in 0.009669 seconds 
========================================================================
Received Import Request.
  Time since last request: 0.000028 seconds.
  path: Assets/StarterAssets/Mobile/Prefabs/VirtualInputs/UI_Virtual_Joystick.prefab
  artifactKey: Guid(6eb08bfc0fd869c47b796c42ada099da) Importer(2089858483,934ff659095e30574adcf32a4c2f97b5)
Start importing Assets/StarterAssets/Mobile/Prefabs/VirtualInputs/UI_Virtual_Joystick.prefab using Guid(6eb08bfc0fd869c47b796c42ada099da) Importer(2089858483,934ff659095e30574adcf32a4c2f97b5)  -> (artifact id: '9bf18664bd2f37e42246d32934d99dd8') in 0.008383 seconds 
========================================================================
Received Import Request.
  Time since last request: 0.000022 seconds.
  path: Assets/StarterAssets/Mobile/UI/UI_Icon_Look.png
  artifactKey: Guid(af0ae2dbf3d1efb4f82af377950704a2) Importer(2089858483,934ff659095e30574adcf32a4c2f97b5)
Start importing Assets/StarterAssets/Mobile/UI/UI_Icon_Look.png using Guid(af0ae2dbf3d1efb4f82af377950704a2) Importer(2089858483,934ff659095e30574adcf32a4c2f97b5)  -> (artifact id: '76b66688163ecbc7990cb8068c5a2d06') in 0.009689 seconds 
========================================================================
Received Import Request.
  Time since last request: 0.000024 seconds.
  path: Assets/Materials/Bricks059_1K_Color.jpg
  artifactKey: Guid(398e3c0c71fb55046b3e7c8ef7130092) Importer(2089858483,934ff659095e30574adcf32a4c2f97b5)
Start importing Assets/Materials/Bricks059_1K_Color.jpg using Guid(398e3c0c71fb55046b3e7c8ef7130092) Importer(2089858483,934ff659095e30574adcf32a4c2f97b5)  -> (artifact id: '7a1788377c4f08a31ee8f7c62ab098f9') in 0.008056 seconds 
========================================================================
Received Import Request.
  Time since last request: 0.000022 seconds.
  path: Assets/StarterAssets/Environment/Shaders/URP_HDRP_ShaderGraph/UrpTriplanar.shadergraph
  artifactKey: Guid(b8d7679189d4a5940af46004f3870920) Importer(2089858483,934ff659095e30574adcf32a4c2f97b5)
Start importing Assets/StarterAssets/Environment/Shaders/URP_HDRP_ShaderGraph/UrpTriplanar.shadergraph using Guid(b8d7679189d4a5940af46004f3870920) Importer(2089858483,934ff659095e30574adcf32a4c2f97b5)  -> (artifact id: '770f2f3a13dddd85208fa590320eee97') in 0.014275 seconds 
========================================================================
Received Import Request.
  Time since last request: 0.000025 seconds.
  path: Assets/StarterAssets/ThirdPersonController/Character/Animations/Stand--Idle.anim.fbx
  artifactKey: Guid(12e52e465ed793a4d801955e9f964a82) Importer(2089858483,934ff659095e30574adcf32a4c2f97b5)
Start importing Assets/StarterAssets/ThirdPersonController/Character/Animations/Stand--Idle.anim.fbx using Guid(12e52e465ed793a4d801955e9f964a82) Importer(2089858483,934ff659095e30574adcf32a4c2f97b5)  -> (artifact id: 'ae992a059e96f90049787deaae0cc19a') in 0.009783 seconds 
========================================================================
Received Import Request.
  Time since last request: 0.000022 seconds.
  path: Assets/TutorialInfo/Icons/URP.png
  artifactKey: Guid(727a75301c3d24613a3ebcec4a24c2c8) Importer(2089858483,934ff659095e30574adcf32a4c2f97b5)
Start importing Assets/TutorialInfo/Icons/URP.png using Guid(727a75301c3d24613a3ebcec4a24c2c8) Importer(2089858483,934ff659095e30574adcf32a4c2f97b5)  -> (artifact id: '8938ad6896d0a65b7d044ea8f6c5c39c') in 0.008129 seconds 
========================================================================
Received Import Request.
  Time since last request: 0.000023 seconds.
  path: Assets/StarterAssets/Environment/Art/Models/Box_350x250x200_Mesh.fbx
  artifactKey: Guid(c6a55ba99e9e99d41b7eef123e311a43) Importer(2089858483,934ff659095e30574adcf32a4c2f97b5)
Start importing Assets/StarterAssets/Environment/Art/Models/Box_350x250x200_Mesh.fbx using Guid(c6a55ba99e9e99d41b7eef123e311a43) Importer(2089858483,934ff659095e30574adcf32a4c2f97b5)  -> (artifact id: '56c588e0f7b5af26546806cf3aa6a51c') in 0.007719 seconds 
========================================================================
Received Import Request.
  Time since last request: 0.000022 seconds.
  path: Assets/Settings/URP-Balanced.asset
  artifactKey: Guid(e1260c1148f6143b28bae5ace5e9c5d1) Importer(2089858483,934ff659095e30574adcf32a4c2f97b5)
Start importing Assets/Settings/URP-Balanced.asset using Guid(e1260c1148f6143b28bae5ace5e9c5d1) Importer(2089858483,934ff659095e30574adcf32a4c2f97b5)  -> (artifact id: '69afe201720afe28a9923f3bf6062d8d') in 0.008873 seconds 
========================================================================
Received Import Request.
  Time since last request: 0.000024 seconds.
  path: Assets/Materials/PavingStones111_1K_Displacement.jpg
  artifactKey: Guid(18d3872fe9f9cf34bb12479ebef33100) Importer(2089858483,934ff659095e30574adcf32a4c2f97b5)
Start importing Assets/Materials/PavingStones111_1K_Displacement.jpg using Guid(18d3872fe9f9cf34bb12479ebef33100) Importer(2089858483,934ff659095e30574adcf32a4c2f97b5)  -> (artifact id: '0f373d8c9f0a870d5695439d99673d37') in 0.008210 seconds 
========================================================================
Received Import Request.
  Time since last request: 0.000025 seconds.
  path: Assets/StarterAssets/ThirdPersonController/Scenes/PlaygroundSettings.lighting
  artifactKey: Guid(3b3f7400d3526e9429c39d03afb714b3) Importer(2089858483,934ff659095e30574adcf32a4c2f97b5)
Start importing Assets/StarterAssets/ThirdPersonController/Scenes/PlaygroundSettings.lighting using Guid(3b3f7400d3526e9429c39d03afb714b3) Importer(2089858483,934ff659095e30574adcf32a4c2f97b5)  -> (artifact id: '87da3c008e9a490548656cbc62669a1b') in 0.011223 seconds 
========================================================================
Received Import Request.
  Time since last request: 0.000029 seconds.
  path: Assets/StarterAssets/Editor/PackageChecker/PackageChecker.cs
  artifactKey: Guid(7315d24058889bb4da8c959c3f2ebaa2) Importer(2089858483,934ff659095e30574adcf32a4c2f97b5)
Start importing Assets/StarterAssets/Editor/PackageChecker/PackageChecker.cs using Guid(7315d24058889bb4da8c959c3f2ebaa2) Importer(2089858483,934ff659095e30574adcf32a4c2f97b5)  -> (artifact id: '0d0f124012ad68ff14c168893e8cd33b') in 0.008302 seconds 
========================================================================
Received Import Request.
  Time since last request: 0.000019 seconds.
  path: Assets/StarterAssets/Environment/Prefabs/Wall_Prefab.prefab
  artifactKey: Guid(9eb847ab97b24024588682c8601254cf) Importer(2089858483,934ff659095e30574adcf32a4c2f97b5)
Start importing Assets/StarterAssets/Environment/Prefabs/Wall_Prefab.prefab using Guid(9eb847ab97b24024588682c8601254cf) Importer(2089858483,934ff659095e30574adcf32a4c2f97b5)  -> (artifact id: '67f090f99006d4e488654e4a1e964180') in 0.007330 seconds 
========================================================================
Received Import Request.
  Time since last request: 0.000024 seconds.
  path: Assets/StarterAssets/Mobile/UI/UI_Circle_Bevel_Base.png
  artifactKey: Guid(b74c31d447d2f5d41a61081bdf5e7126) Importer(2089858483,934ff659095e30574adcf32a4c2f97b5)
Start importing Assets/StarterAssets/Mobile/UI/UI_Circle_Bevel_Base.png using Guid(b74c31d447d2f5d41a61081bdf5e7126) Importer(2089858483,934ff659095e30574adcf32a4c2f97b5)  -> (artifact id: 'd9e380b3d549dd942ad7ca368f3f2fb5') in 0.009249 seconds 
========================================================================
Received Import Request.
  Time since last request: 0.000022 seconds.
  path: Assets/StarterAssets/ThirdPersonController/Scenes/Playground/ReflectionProbe-1.exr
  artifactKey: Guid(1b8a4de7469ad774c80dd6678d94e6b9) Importer(2089858483,934ff659095e30574adcf32a4c2f97b5)
Start importing Assets/StarterAssets/ThirdPersonController/Scenes/Playground/ReflectionProbe-1.exr using Guid(1b8a4de7469ad774c80dd6678d94e6b9) Importer(2089858483,934ff659095e30574adcf32a4c2f97b5)  -> (artifact id: '049c55c6e42b1cd3ebc5b4649ca9b1b2') in 0.010988 seconds 
========================================================================
Received Import Request.
  Time since last request: 0.000023 seconds.
  path: Assets/StarterAssets/ThirdPersonController/Character/Animations/Locomotion--Run_S.anim.fbx
  artifactKey: Guid(a073c604c44135e438eeeaef77058ac5) Importer(2089858483,934ff659095e30574adcf32a4c2f97b5)
Start importing Assets/StarterAssets/ThirdPersonController/Character/Animations/Locomotion--Run_S.anim.fbx using Guid(a073c604c44135e438eeeaef77058ac5) Importer(2089858483,934ff659095e30574adcf32a4c2f97b5)  -> (artifact id: 'a602eb18eb4686ba02f2d9b2985a9a74') in 0.010039 seconds 
========================================================================
Received Import Request.
  Time since last request: 0.000020 seconds.
  path: Assets/Settings/URP-HighFidelity-Renderer.asset
  artifactKey: Guid(c40be3174f62c4acf8c1216858c64956) Importer(2089858483,934ff659095e30574adcf32a4c2f97b5)
Start importing Assets/Settings/URP-HighFidelity-Renderer.asset using Guid(c40be3174f62c4acf8c1216858c64956) Importer(2089858483,934ff659095e30574adcf32a4c2f97b5)  -> (artifact id: '91c7e96ae7f594c00c192a152935faf7') in 0.008248 seconds 
========================================================================
Received Import Request.
  Time since last request: 0.000021 seconds.
  path: Assets/ProBuilder Data/Default Color Palette.asset
  artifactKey: Guid(4495e6d9710b46349aacaba6ef9bc8a2) Importer(2089858483,934ff659095e30574adcf32a4c2f97b5)
Start importing Assets/ProBuilder Data/Default Color Palette.asset using Guid(4495e6d9710b46349aacaba6ef9bc8a2) Importer(2089858483,934ff659095e30574adcf32a4c2f97b5)  -> (artifact id: '2e5b8c41bd203ea073d84bbdd8fc74dd') in 0.008068 seconds 
========================================================================
Received Import Request.
  Time since last request: 0.000024 seconds.
  path: Assets/StarterAssets/Environment/Art/Materials/URP_HDRP_ShaderGraph/ShaderGraphGrid_01_Mat.mat
  artifactKey: Guid(4589b87b8508f6e48b8fddb385924b16) Importer(2089858483,934ff659095e30574adcf32a4c2f97b5)
Start importing Assets/StarterAssets/Environment/Art/Materials/URP_HDRP_ShaderGraph/ShaderGraphGrid_01_Mat.mat using Guid(4589b87b8508f6e48b8fddb385924b16) Importer(2089858483,934ff659095e30574adcf32a4c2f97b5)  -> (artifact id: 'ada9720e340cf4ddb70ce1f73dfc3730') in 0.010096 seconds 
========================================================================
Received Import Request.
  Time since last request: 0.000022 seconds.
  path: Assets/StarterAssets/ThirdPersonController/Prefabs/NestedParentCapsule_Unpack.prefab
  artifactKey: Guid(212907312655a4443a025a304442c17c) Importer(2089858483,934ff659095e30574adcf32a4c2f97b5)
Start importing Assets/StarterAssets/ThirdPersonController/Prefabs/NestedParentCapsule_Unpack.prefab using Guid(212907312655a4443a025a304442c17c) Importer(2089858483,934ff659095e30574adcf32a4c2f97b5)  -> (artifact id: '1bc0fb3dbb6ea2bcb14d6e516cc7fa7d') in 0.013074 seconds 
Editor requested this worker to shutdown with reason: Scaling down because of idle timeout
AssetImportWorker is now disconnected from the server
Process exiting
Exiting without the bug reporter. Application will terminate with return code 0