Using pre-set license
Built from '2021.2/staging' branch; Version is '2021.2.8f1 (d0e5f0a7b06a) revision 13690352'; Using compiler version '192829333'; Build Type 'Release'
OS: 'Windows 10  (10.0.19041) 64bit Professional' Language: 'ko' Physical Memory: 32720 MB
BatchMode: 1, IsHumanControllingUs: 0, StartBugReporterOnCrash: 0, Is64bit: 1, IsPro: 0

COMMAND LINE ARGUMENTS:
C:\Program Files\Unity\Hub\Editor\2021.2.8f1\Editor\Unity.exe
-adb2
-batchMode
-noUpm
-name
AssetImportWorker1
-projectPath
D:/06_RnD_Unity/UnityProbuilder/Probuilder
-logFile
Logs/AssetImportWorker1.log
-srvPort
55072
Successfully changed project path to: D:/06_RnD_Unity/UnityProbuilder/Probuilder
D:/06_RnD_Unity/UnityProbuilder/Probuilder
[UnityMemory] Configuration Parameters - Can be set up in boot.config
    "memorysetup-bucket-allocator-granularity=16"
    "memorysetup-bucket-allocator-bucket-count=8"
    "memorysetup-bucket-allocator-block-size=33554432"
    "memorysetup-bucket-allocator-block-count=8"
    "memorysetup-main-allocator-block-size=16777216"
    "memorysetup-thread-allocator-block-size=16777216"
    "memorysetup-gfx-main-allocator-block-size=16777216"
    "memorysetup-gfx-thread-allocator-block-size=16777216"
    "memorysetup-cache-allocator-block-size=4194304"
    "memorysetup-typetree-allocator-block-size=2097152"
    "memorysetup-profiler-bucket-allocator-granularity=16"
    "memorysetup-profiler-bucket-allocator-bucket-count=8"
    "memorysetup-profiler-bucket-allocator-block-size=33554432"
    "memorysetup-profiler-bucket-allocator-block-count=8"
    "memorysetup-profiler-allocator-block-size=16777216"
    "memorysetup-profiler-editor-allocator-block-size=1048576"
    "memorysetup-temp-allocator-size-main=16777216"
    "memorysetup-job-temp-allocator-block-size=2097152"
    "memorysetup-job-temp-allocator-block-size-background=1048576"
    "memorysetup-job-temp-allocator-reduction-small-platforms=262144"
    "memorysetup-temp-allocator-size-background-worker=32768"
    "memorysetup-temp-allocator-size-job-worker=262144"
    "memorysetup-temp-allocator-size-preload-manager=33554432"
    "memorysetup-temp-allocator-size-nav-mesh-worker=65536"
    "memorysetup-temp-allocator-size-audio-worker=65536"
    "memorysetup-temp-allocator-size-cloud-worker=32768"
    "memorysetup-temp-allocator-size-gi-baking-worker=262144"
    "memorysetup-temp-allocator-size-gfx=262144"
Refreshing native plugins compatible for Editor in 113.80 ms, found 4 plugins.
Preloading 0 native plugins for Editor in 0.00 ms.
Initialize engine version: 2021.2.8f1 (d0e5f0a7b06a)
[Subsystems] Discovering subsystems at path C:/Program Files/Unity/Hub/Editor/2021.2.8f1/Editor/Data/Resources/UnitySubsystems
[Subsystems] Discovering subsystems at path D:/06_RnD_Unity/UnityProbuilder/Probuilder/Assets
GfxDevice: creating device client; threaded=0; jobified=0
Direct3D:
    Version:  Direct3D 11.0 [level 11.1]
    Renderer: NVIDIA GeForce RTX 2070 SUPER (ID=0x1e84)
    Vendor:   NVIDIA
    VRAM:     8011 MB
    Driver:   27.21.14.5671
Initialize mono
Mono path[0] = 'C:/Program Files/Unity/Hub/Editor/2021.2.8f1/Editor/Data/Managed'
Mono path[1] = 'C:/Program Files/Unity/Hub/Editor/2021.2.8f1/Editor/Data/MonoBleedingEdge/lib/mono/unityjit-win32'
Mono config path = 'C:/Program Files/Unity/Hub/Editor/2021.2.8f1/Editor/Data/MonoBleedingEdge/etc'
Using monoOptions --debugger-agent=transport=dt_socket,embedding=1,server=y,suspend=n,address=127.0.0.1:56220
Begin MonoManager ReloadAssembly
Registering precompiled unity dll's ...
Register platform support module: C:/Program Files/Unity/Hub/Editor/2021.2.8f1/Editor/Data/PlaybackEngines/WindowsStandaloneSupport/UnityEditor.WindowsStandalone.Extensions.dll
Registered in 0.011166 seconds.
Native extension for WindowsStandalone target not found
Refreshing native plugins compatible for Editor in 108.81 ms, found 4 plugins.
Preloading 0 native plugins for Editor in 0.00 ms.
Mono: successfully reloaded assembly
- Completed reload, in  0.575 seconds
Domain Reload Profiling:
	ReloadAssembly (576ms)
		BeginReloadAssembly (76ms)
			ExecutionOrderSort (0ms)
			DisableScriptedObjects (0ms)
			BackupInstance (0ms)
			ReleaseScriptingObjects (0ms)
			CreateAndSetChildDomain (1ms)
		EndReloadAssembly (414ms)
			LoadAssemblies (72ms)
			RebuildTransferFunctionScriptingTraits (0ms)
			SetupTypeCache (86ms)
			ReleaseScriptCaches (0ms)
			RebuildScriptCaches (23ms)
			SetupLoadedEditorAssemblies (260ms)
				LogAssemblyErrors (0ms)
				InitializePlatformSupportModulesInManaged (14ms)
				SetLoadedEditorAssemblies (0ms)
				RefreshPlugins (109ms)
				BeforeProcessingInitializeOnLoad (1ms)
				ProcessInitializeOnLoadAttributes (96ms)
				ProcessInitializeOnLoadMethodAttributes (40ms)
				AfterProcessingInitializeOnLoad (0ms)
				EditorAssembliesLoaded (0ms)
			ExecutionOrderSort2 (0ms)
			AwakeInstancesAfterBackupRestoration (0ms)
Platform modules already initialized, skipping
Registering precompiled user dll's ...
Registered in 0.007284 seconds.
Begin MonoManager ReloadAssembly
Native extension for WindowsStandalone target not found
Refreshing native plugins compatible for Editor in 112.57 ms, found 4 plugins.
Preloading 0 native plugins for Editor in 0.00 ms.
Mono: successfully reloaded assembly
- Completed reload, in  1.855 seconds
Domain Reload Profiling:
	ReloadAssembly (1856ms)
		BeginReloadAssembly (123ms)
			ExecutionOrderSort (0ms)
			DisableScriptedObjects (5ms)
			BackupInstance (0ms)
			ReleaseScriptingObjects (0ms)
			CreateAndSetChildDomain (18ms)
		EndReloadAssembly (1642ms)
			LoadAssemblies (101ms)
			RebuildTransferFunctionScriptingTraits (0ms)
			SetupTypeCache (240ms)
			ReleaseScriptCaches (1ms)
			RebuildScriptCaches (59ms)
			SetupLoadedEditorAssemblies (1226ms)
				LogAssemblyErrors (0ms)
				InitializePlatformSupportModulesInManaged (10ms)
				SetLoadedEditorAssemblies (0ms)
				RefreshPlugins (113ms)
				BeforeProcessingInitializeOnLoad (112ms)
				ProcessInitializeOnLoadAttributes (937ms)
				ProcessInitializeOnLoadMethodAttributes (39ms)
				AfterProcessingInitializeOnLoad (16ms)
				EditorAssembliesLoaded (0ms)
			ExecutionOrderSort2 (0ms)
			AwakeInstancesAfterBackupRestoration (13ms)
Platform modules already initialized, skipping
========================================================================
Worker process is ready to serve import requests
Launched and connected shader compiler UnityShaderCompiler.exe after 0.08 seconds
Refreshing native plugins compatible for Editor in 1.26 ms, found 4 plugins.
Preloading 0 native plugins for Editor in 0.00 ms.
Unloading 6289 Unused Serialized files (Serialized files now loaded: 0)
Unloading 227 unused Assets / (2.3 MB). Loaded Objects now: 6707.
Memory consumption went from 254.1 MB to 251.8 MB.
Total: 5.153300 ms (FindLiveObjects: 0.658200 ms CreateObjectMapping: 0.205500 ms MarkObjects: 3.546000 ms  DeleteObjects: 0.741900 ms)

AssetImportParameters requested are different than current active one (requested -> active):
  custom:video-decoder-ogg-theora: a1e56fd34408186e4bbccfd4996cb3dc -> 
  custom:container-muxer-webm: aa71ff27fc2769a1b78a27578f13a17b -> 
  custom:container-demuxer-webm: 4f35f7cbe854078d1ac9338744f61a02 -> 
  custom:video-encoder-webm-vp8: eb34c28f22e8b96e1ab97ce403110664 -> 
  custom:audio-encoder-webm-vorbis: bf7c407c2cedff20999df2af8eb42d56 -> 
  custom:framework-win-MediaFoundation: 216162199b28c13a410421893ffa2e32 -> 
  custom:container-demuxer-ogg: 62fdf1f143b41e24485cea50d1cbac27 -> 
  custom:video-decoder-webm-vp8: 9c59270c3fd7afecdb556c50c9e8de78 -> 
  custom:audio-decoder-ogg-vorbis: bf7c407c2cedff20999df2af8eb42d56 -> 
========================================================================
Received Import Request.
  Time since last request: 19526.658346 seconds.
  path: Assets/StarterAssets/ThirdPersonController/Prefabs
  artifactKey: Guid(84b4ab346fc32d445b7207cb1884cf42) Importer(815301076,1909f56bfc062723c751e8b465ee728b)
Start importing Assets/StarterAssets/ThirdPersonController/Prefabs using Guid(84b4ab346fc32d445b7207cb1884cf42) Importer(815301076,1909f56bfc062723c751e8b465ee728b)  -> (artifact id: 'a69e19bb6867e2b33b0880e55977b0c0') in 0.014441 seconds 
========================================================================
Received Prepare
Registering precompiled user dll's ...
Registered in 0.009086 seconds.
Begin MonoManager ReloadAssembly
Native extension for WindowsStandalone target not found
Refreshing native plugins compatible for Editor in 1.22 ms, found 4 plugins.
Preloading 0 native plugins for Editor in 0.00 ms.
Warning: Annotation not found!
UnityEngine.StackTraceUtility:ExtractStackTrace ()
UnityEditor.ProBuilder.EditorUtility:SetGizmoIconEnabled (System.Type,bool) (at Library/PackageCache/com.unity.probuilder@5.0.3/Editor/EditorCore/EditorUtility.cs:575)
UnityEditor.ProBuilder.HierarchyListener:.cctor () (at Library/PackageCache/com.unity.probuilder@5.0.3/Editor/EditorCore/HierarchyListener.cs:21)
System.Runtime.CompilerServices.RuntimeHelpers:RunClassConstructor (System.RuntimeTypeHandle)
UnityEditor.EditorAssemblies:ProcessInitializeOnLoadAttributes (System.Type[])

[Library/PackageCache/com.unity.probuilder@5.0.3/Editor/EditorCore/EditorUtility.cs line 575]

Mono: successfully reloaded assembly
- Completed reload, in  1.310 seconds
Domain Reload Profiling:
	ReloadAssembly (1311ms)
		BeginReloadAssembly (165ms)
			ExecutionOrderSort (0ms)
			DisableScriptedObjects (3ms)
			BackupInstance (0ms)
			ReleaseScriptingObjects (0ms)
			CreateAndSetChildDomain (43ms)
		EndReloadAssembly (1049ms)
			LoadAssemblies (104ms)
			RebuildTransferFunctionScriptingTraits (0ms)
			SetupTypeCache (248ms)
			ReleaseScriptCaches (2ms)
			RebuildScriptCaches (49ms)
			SetupLoadedEditorAssemblies (599ms)
				LogAssemblyErrors (0ms)
				InitializePlatformSupportModulesInManaged (12ms)
				SetLoadedEditorAssemblies (0ms)
				RefreshPlugins (1ms)
				BeforeProcessingInitializeOnLoad (85ms)
				ProcessInitializeOnLoadAttributes (422ms)
				ProcessInitializeOnLoadMethodAttributes (60ms)
				AfterProcessingInitializeOnLoad (18ms)
				EditorAssembliesLoaded (0ms)
			ExecutionOrderSort2 (0ms)
			AwakeInstancesAfterBackupRestoration (19ms)
Platform modules already initialized, skipping
Refreshing native plugins compatible for Editor in 1.29 ms, found 4 plugins.
Preloading 0 native plugins for Editor in 0.00 ms.
Unloading 6081 Unused Serialized files (Serialized files now loaded: 0)
Unloading 51 unused Assets / (2.2 MB). Loaded Objects now: 6722.
Memory consumption went from 238.9 MB to 236.6 MB.
Total: 5.074100 ms (FindLiveObjects: 0.594800 ms CreateObjectMapping: 0.167100 ms MarkObjects: 3.660600 ms  DeleteObjects: 0.649700 ms)

AssetImportParameters requested are different than current active one (requested -> active):
  custom:video-decoder-ogg-theora: a1e56fd34408186e4bbccfd4996cb3dc -> 
  custom:container-muxer-webm: aa71ff27fc2769a1b78a27578f13a17b -> 
  custom:container-demuxer-webm: 4f35f7cbe854078d1ac9338744f61a02 -> 
  custom:video-encoder-webm-vp8: eb34c28f22e8b96e1ab97ce403110664 -> 
  custom:audio-encoder-webm-vorbis: bf7c407c2cedff20999df2af8eb42d56 -> 
  custom:framework-win-MediaFoundation: 216162199b28c13a410421893ffa2e32 -> 
  custom:container-demuxer-ogg: 62fdf1f143b41e24485cea50d1cbac27 -> 
  custom:video-decoder-webm-vp8: 9c59270c3fd7afecdb556c50c9e8de78 -> 
  custom:audio-decoder-ogg-vorbis: bf7c407c2cedff20999df2af8eb42d56 -> 
========================================================================
Received Import Request.
  Time since last request: 291.420841 seconds.
  path: Assets/UniversalRenderPipelineGlobalSettings.asset
  artifactKey: Guid(18dc0cd2c080841dea60987a38ce93fa) Importer(2089858483,934ff659095e30574adcf32a4c2f97b5)
Start importing Assets/UniversalRenderPipelineGlobalSettings.asset using Guid(18dc0cd2c080841dea60987a38ce93fa) Importer(2089858483,934ff659095e30574adcf32a4c2f97b5)  -> (artifact id: '1e82cb0bab34c15f7c7d3f5bc54d4b5d') in 0.166255 seconds 
========================================================================
Received Import Request.
  Time since last request: 0.000028 seconds.
  path: Assets/StarterAssets/Editor/StarterAssetsDeployMenu.cs
  artifactKey: Guid(e75357183ea302c4d998136de2cc9669) Importer(2089858483,934ff659095e30574adcf32a4c2f97b5)
Start importing Assets/StarterAssets/Editor/StarterAssetsDeployMenu.cs using Guid(e75357183ea302c4d998136de2cc9669) Importer(2089858483,934ff659095e30574adcf32a4c2f97b5)  -> (artifact id: 'a21580767c7a05f38fbbe3a1786ef1b2') in 0.018089 seconds 
========================================================================
Received Import Request.
  Time since last request: 0.000039 seconds.
  path: Assets/StarterAssets/Environment/Art/Models/Wall_Mesh.fbx
  artifactKey: Guid(ff02a0a00ab750f48b09459b1cafd1b8) Importer(2089858483,934ff659095e30574adcf32a4c2f97b5)
Start importing Assets/StarterAssets/Environment/Art/Models/Wall_Mesh.fbx using Guid(ff02a0a00ab750f48b09459b1cafd1b8) Importer(2089858483,934ff659095e30574adcf32a4c2f97b5)  -> (artifact id: 'c266116f69b92af25b26d1763207257c') in 0.022793 seconds 
========================================================================
Received Import Request.
  Time since last request: 0.000063 seconds.
  path: Assets/StarterAssets/Environment/Art/Models/Structure_Mesh.fbx
  artifactKey: Guid(d0a9bfb4b5f28174884e89dd76563ae8) Importer(2089858483,934ff659095e30574adcf32a4c2f97b5)
Start importing Assets/StarterAssets/Environment/Art/Models/Structure_Mesh.fbx using Guid(d0a9bfb4b5f28174884e89dd76563ae8) Importer(2089858483,934ff659095e30574adcf32a4c2f97b5)  -> (artifact id: '61be7f9228ad8c17b1989136afe6e4cf') in 0.007896 seconds 
========================================================================
Received Import Request.
  Time since last request: 0.000025 seconds.
  path: Assets/Settings/URP-Performant.asset
  artifactKey: Guid(d0e2fc18fe036412f8223b3b3d9ad574) Importer(2089858483,934ff659095e30574adcf32a4c2f97b5)
Start importing Assets/Settings/URP-Performant.asset using Guid(d0e2fc18fe036412f8223b3b3d9ad574) Importer(2089858483,934ff659095e30574adcf32a4c2f97b5)  -> (artifact id: '4d001fd9d7511903fa35aacc69c13d00') in 0.009704 seconds 
========================================================================
Received Import Request.
  Time since last request: 0.000026 seconds.
  path: Assets/Materials/PavingStones111_1K-JPG.usdc
  artifactKey: Guid(bf7eb01c59297ea4d9e86f0c426315f8) Importer(2089858483,934ff659095e30574adcf32a4c2f97b5)
Start importing Assets/Materials/PavingStones111_1K-JPG.usdc using Guid(bf7eb01c59297ea4d9e86f0c426315f8) Importer(2089858483,934ff659095e30574adcf32a4c2f97b5)  -> (artifact id: '8b1305cd8d8b76da60e7a8b80d3e4472') in 0.009485 seconds 
========================================================================
Received Import Request.
  Time since last request: 0.000022 seconds.
  path: Assets/StarterAssets/Editor/ScriptingDefineUtils.cs
  artifactKey: Guid(19d5e2567c974ac6817cbc0ae63e638c) Importer(2089858483,934ff659095e30574adcf32a4c2f97b5)
Start importing Assets/StarterAssets/Editor/ScriptingDefineUtils.cs using Guid(19d5e2567c974ac6817cbc0ae63e638c) Importer(2089858483,934ff659095e30574adcf32a4c2f97b5)  -> (artifact id: 'a438ed6d9b96ba130a43fde2a01666f2') in 0.006653 seconds 
========================================================================
Received Import Request.
  Time since last request: 0.000022 seconds.
  path: Assets/Materials/PavingStones111_1K_AmbientOcclusion.jpg
  artifactKey: Guid(5a0ea06e7e6ec8248b6fa8d1bcc300c6) Importer(2089858483,934ff659095e30574adcf32a4c2f97b5)
Start importing Assets/Materials/PavingStones111_1K_AmbientOcclusion.jpg using Guid(5a0ea06e7e6ec8248b6fa8d1bcc300c6) Importer(2089858483,934ff659095e30574adcf32a4c2f97b5)  -> (artifact id: 'b1fe2b8339aa53fa59b1d5e97a785e0c') in 0.015910 seconds 
========================================================================
Received Import Request.
  Time since last request: 0.000021 seconds.
  path: Assets/StarterAssets/Environment/Art/Models/Stairs_200x100x200_Mesh.fbx
  artifactKey: Guid(fce3bf5a5b603db45ab0048fb6ab44df) Importer(2089858483,934ff659095e30574adcf32a4c2f97b5)
Start importing Assets/StarterAssets/Environment/Art/Models/Stairs_200x100x200_Mesh.fbx using Guid(fce3bf5a5b603db45ab0048fb6ab44df) Importer(2089858483,934ff659095e30574adcf32a4c2f97b5)  -> (artifact id: '40eeedbd758275b7707acfee262b653a') in 0.015798 seconds 
========================================================================
Received Import Request.
  Time since last request: 0.000029 seconds.
  path: Assets/StarterAssets/Environment/Art/Textures/Grid_01_Normal.png
  artifactKey: Guid(c5c221ed57a3bf6488f8eba0db28a004) Importer(2089858483,934ff659095e30574adcf32a4c2f97b5)
Start importing Assets/StarterAssets/Environment/Art/Textures/Grid_01_Normal.png using Guid(c5c221ed57a3bf6488f8eba0db28a004) Importer(2089858483,934ff659095e30574adcf32a4c2f97b5)  -> (artifact id: '86a896e986c199b42e6e1ee8a396f37d') in 0.010284 seconds 
========================================================================
Received Import Request.
  Time since last request: 0.000020 seconds.
  path: Assets/StarterAssets/ThirdPersonController/Prefabs/PlayerCapsule.prefab
  artifactKey: Guid(2553cec8fdb3eb643bbe9f2ec880c472) Importer(2089858483,934ff659095e30574adcf32a4c2f97b5)
Start importing Assets/StarterAssets/ThirdPersonController/Prefabs/PlayerCapsule.prefab using Guid(2553cec8fdb3eb643bbe9f2ec880c472) Importer(2089858483,934ff659095e30574adcf32a4c2f97b5)  -> (artifact id: '88e435ce0cd9928c8427bb406058e57d') in 0.014524 seconds 
========================================================================
Received Import Request.
  Time since last request: 0.000019 seconds.
  path: Assets/StarterAssets/Environment/Shaders/Built-in_RP/ArmatureShader.shader
  artifactKey: Guid(6d99c6e0a8f8bf44bb8bcb6e5a056d01) Importer(2089858483,934ff659095e30574adcf32a4c2f97b5)
Start importing Assets/StarterAssets/Environment/Shaders/Built-in_RP/ArmatureShader.shader using Guid(6d99c6e0a8f8bf44bb8bcb6e5a056d01) Importer(2089858483,934ff659095e30574adcf32a4c2f97b5)  -> (artifact id: '4853833850d7543e12d994f3cdd4893c') in 0.010822 seconds 
========================================================================
Received Import Request.
  Time since last request: 0.000029 seconds.
  path: Assets/StarterAssets/Environment/RenderPipelineProfiles/StarterAssetsHDRPVolumeProfile.asset
  artifactKey: Guid(fe05288aca2f31443877a786e771100f) Importer(2089858483,934ff659095e30574adcf32a4c2f97b5)
Start importing Assets/StarterAssets/Environment/RenderPipelineProfiles/StarterAssetsHDRPVolumeProfile.asset using Guid(fe05288aca2f31443877a786e771100f) Importer(2089858483,934ff659095e30574adcf32a4c2f97b5)  -> (artifact id: '658c65f1f2449e9a740825c2e69618a6') in 0.009961 seconds 
========================================================================
Received Import Request.
  Time since last request: 0.000034 seconds.
  path: Assets/ProBuilder Data/Default Material Palette.asset
  artifactKey: Guid(12a904145a63e494880778bac6c2f051) Importer(2089858483,934ff659095e30574adcf32a4c2f97b5)
Start importing Assets/ProBuilder Data/Default Material Palette.asset using Guid(12a904145a63e494880778bac6c2f051) Importer(2089858483,934ff659095e30574adcf32a4c2f97b5) Failed to build search index for Assets/ProBuilder Data/Default Material Palette.asset
System.Reflection.TargetParameterCountException: Number of parameters specified does not match the expected number.
  at UnityEditor.Rendering.Universal.Converters.MaterialReferenceBuilder.GetMaterialFromMethod (System.Reflection.MethodInfo method, UnityEngine.Object obj, System.Func`3[T1,T2,TResult] generateErrorString) [0x00034] in D:\06_RnD_Unity\UnityProbuilder\Probuilder\Library\PackageCache\com.unity.render-pipelines.universal@12.1.3\Editor\Converter\MaterialReferenceBuilder.cs:137 
  at UnityEditor.Rendering.Universal.Converters.ConversionIndexers.ConversionIndexer (UnityEditor.Search.CustomObjectIndexerTarget context, UnityEditor.Search.ObjectIndexer indexer) [0x00037] in D:\06_RnD_Unity\UnityProbuilder\Probuilder\Library\PackageCache\com.unity.render-pipelines.universal@12.1.3\Editor\Converter\ConversionIndexers.cs:21 
  at (wrapper delegate-invoke) <Module>.invoke_void_CustomObjectIndexerTarget_ObjectIndexer(UnityEditor.Search.CustomObjectIndexerTarget,UnityEditor.Search.ObjectIndexer)
  at UnityEditor.Search.ObjectIndexer.CallCustomIndexers (System.String documentId, System.Int32 documentIndex, UnityEngine.Object obj, UnityEditor.SerializedObject so, System.Boolean multiLevel) [0x000ca] in <e5ca7370758f42aa836b6b4f8325078f>:0 
  at UnityEditor.Search.ObjectIndexer.IndexCustomProperties (System.String documentId, System.Int32 documentIndex, UnityEngine.Object obj) [0x00009] in <e5ca7370758f42aa836b6b4f8325078f>:0 
  at UnityEditor.Search.AssetIndexer.IndexProperties (System.Int32& documentIndex, System.String& path, System.Boolean& hasCustomIndexers) [0x00029] in <e5ca7370758f42aa836b6b4f8325078f>:0 
  at UnityEditor.Search.AssetIndexer.IndexDocument (System.String path, System.Boolean checkIfDocumentExists) [0x00355] in <e5ca7370758f42aa836b6b4f8325078f>:0 
  at UnityEditor.Search.SearchIndexEntryImporter.OnImportAsset (UnityEditor.AssetImporters.AssetImportContext ctx) [0x0002e] in <e5ca7370758f42aa836b6b4f8325078f>:0 
 -> (artifact id: 'e56e98a3b1d61440a745080e30dcb2bd') in 0.879842 seconds 
  ERROR: Import of 'Assets/ProBuilder Data/Default Material Palette.asset' had errors: Failed to build search index for Assets/ProBuilder Data/Default Material Palette.asset
System.Reflection.TargetParameterCountException: Number of parameters specified does not match the expected number.
  at UnityEditor.Rendering.Universal.Converters.MaterialReferenceBuilder.GetMaterialFromMethod (System.Reflection.MethodInfo method, UnityEngine.Object obj, System.Func`3[T1,T2,TResult] generateErrorString) [0x00034] in D:\06_RnD_Unity\UnityProbuilder\Probuilder\Library\PackageCache\com.unity.render-pipelines.universal@12.1.3\Editor\Converter\MaterialReferenceBuilder.cs:137 
  at UnityEditor.Rendering.Universal.Converters.ConversionIndexers.ConversionIndexer (UnityEditor.Search.CustomObjectIndexerTarget context, UnityEditor.Search.ObjectIndexer indexer) [0x00037] in D:\06_RnD_Unity\UnityProbuilder\Probuilder\Library\PackageCache\com.unity.render-pipelines.universal@12.1.3\Editor\Converter\ConversionIndexers.cs:21 
  at (wrapper delegate-invoke) <Module>.invoke_void_CustomObjectIndexerTarget_ObjectIndexer(UnityEditor.Search.CustomObjectIndexerTarget,UnityEditor.Search.ObjectIndexer)
  at UnityEditor.Search.ObjectIndexer.CallCustomIndexers (System.String documentId, System.Int32 documentIndex, UnityEngine.Object obj, UnityEditor.SerializedObject so, System.Boolean multiLevel) [0x000ca] in <e5ca7370758f42aa836b6b4f8325078f>:0 
  at UnityEditor.Search.ObjectIndexer.IndexCustomProperties (System.String documentId, System.Int32 documentIndex, UnityEngine.Object obj) [0x00009] in <e5ca7370758f42aa836b6b4f8325078f>:0 
  at UnityEditor.Search.AssetIndexer.IndexProperties (System.Int32& documentIndex, System.String& path, System.Boolean& hasCustomIndexers) [0x00029] in <e5ca7370758f42aa836b6b4f8325078f>:0 
  at UnityEditor.Search.AssetIndexer.IndexDocument (System.String path, System.Boolean checkIfDocumentExists) [0x00355] in <e5ca7370758f42aa836b6b4f8325078f>:0 
  at UnityEditor.Search.SearchIndexEntryImporter.OnImportAsset (UnityEditor.AssetImporters.AssetImportContext ctx) [0x0002e] in <e5ca7370758f42aa836b6b4f8325078f>:0 
========================================================================
Received Import Request.
  Time since last request: 0.000031 seconds.
  path: Assets/StarterAssets/ThirdPersonController/Character/Materials/M_Armature_Legs.mat
  artifactKey: Guid(8b25e99361ac31d4e9ae83c46aee69ea) Importer(2089858483,934ff659095e30574adcf32a4c2f97b5)
Start importing Assets/StarterAssets/ThirdPersonController/Character/Materials/M_Armature_Legs.mat using Guid(8b25e99361ac31d4e9ae83c46aee69ea) Importer(2089858483,934ff659095e30574adcf32a4c2f97b5)  -> (artifact id: '53d50aa9d50ed5db43627e17ac8bb424') in 0.063630 seconds 
========================================================================
Received Import Request.
  Time since last request: 0.000029 seconds.
  path: Assets/StarterAssets/Mobile/Scripts/CanvasInputs/UICanvasControllerInput.cs
  artifactKey: Guid(4a300d010f57451488aa99000126fbd5) Importer(2089858483,934ff659095e30574adcf32a4c2f97b5)
Start importing Assets/StarterAssets/Mobile/Scripts/CanvasInputs/UICanvasControllerInput.cs using Guid(4a300d010f57451488aa99000126fbd5) Importer(2089858483,934ff659095e30574adcf32a4c2f97b5)  -> (artifact id: '031a9f9d1e59ce26a349526339d681a9') in 0.007360 seconds 
========================================================================
Received Import Request.
  Time since last request: 0.000024 seconds.
  path: Assets/StarterAssets/ThirdPersonController/Character/Textures/Armature_Legs_Normal.tif
  artifactKey: Guid(b2c5d9c39850da946ae135dcb57faaea) Importer(2089858483,934ff659095e30574adcf32a4c2f97b5)
Start importing Assets/StarterAssets/ThirdPersonController/Character/Textures/Armature_Legs_Normal.tif using Guid(b2c5d9c39850da946ae135dcb57faaea) Importer(2089858483,934ff659095e30574adcf32a4c2f97b5)  -> (artifact id: '0f091a93495c44788c68d12f8eb464e3') in 0.018780 seconds 
========================================================================
Received Import Request.
  Time since last request: 0.000026 seconds.
  path: Assets/StarterAssets/ThirdPersonController/Character/Textures/Armature_Body_RGB.tif
  artifactKey: Guid(a95378e0fd5828442a6ed903fb3b0bf7) Importer(2089858483,934ff659095e30574adcf32a4c2f97b5)
Start importing Assets/StarterAssets/ThirdPersonController/Character/Textures/Armature_Body_RGB.tif using Guid(a95378e0fd5828442a6ed903fb3b0bf7) Importer(2089858483,934ff659095e30574adcf32a4c2f97b5)  -> (artifact id: '0cfcee3561d418682d392d5906454fd1') in 0.013386 seconds 
========================================================================
Received Import Request.
  Time since last request: 0.000033 seconds.
  path: Assets/StarterAssets/Mobile/Prefabs/EventSystem/UI_EventSystem.prefab
  artifactKey: Guid(f0271df749728104eac22c3d897fd8ce) Importer(2089858483,934ff659095e30574adcf32a4c2f97b5)
Start importing Assets/StarterAssets/Mobile/Prefabs/EventSystem/UI_EventSystem.prefab using Guid(f0271df749728104eac22c3d897fd8ce) Importer(2089858483,934ff659095e30574adcf32a4c2f97b5)  -> (artifact id: '48020ddd99e563c225a1ba6c89407875') in 0.011527 seconds 
========================================================================
Received Import Request.
  Time since last request: 0.000021 seconds.
  path: Assets/StarterAssets/ThirdPersonController/Character/Textures/Armature_Legs_AlbedoTransparency.tif
  artifactKey: Guid(c444e3d02d2fcff4d9fe5211d67652a0) Importer(2089858483,934ff659095e30574adcf32a4c2f97b5)
Start importing Assets/StarterAssets/ThirdPersonController/Character/Textures/Armature_Legs_AlbedoTransparency.tif using Guid(c444e3d02d2fcff4d9fe5211d67652a0) Importer(2089858483,934ff659095e30574adcf32a4c2f97b5)  -> (artifact id: 'ff170b7e57eabb80870090e7455d54b9') in 0.015953 seconds 
========================================================================
Received Import Request.
  Time since last request: 0.000022 seconds.
  path: Assets/Materials/Bricks059_1K-JPG.usdc
  artifactKey: Guid(720a960901051a34ebea9e3589c2745b) Importer(2089858483,934ff659095e30574adcf32a4c2f97b5)
Start importing Assets/Materials/Bricks059_1K-JPG.usdc using Guid(720a960901051a34ebea9e3589c2745b) Importer(2089858483,934ff659095e30574adcf32a4c2f97b5)  -> (artifact id: '63d20d378beba482abbaddb0edcbc831') in 0.008075 seconds 
========================================================================
Received Import Request.
  Time since last request: 0.000025 seconds.
  path: Assets/StarterAssets/Mobile/Scripts/VirtualInputs/UIVirtualButton.cs
  artifactKey: Guid(448cd6d8e2f2cb04096e777d99974bc4) Importer(2089858483,934ff659095e30574adcf32a4c2f97b5)
Start importing Assets/StarterAssets/Mobile/Scripts/VirtualInputs/UIVirtualButton.cs using Guid(448cd6d8e2f2cb04096e777d99974bc4) Importer(2089858483,934ff659095e30574adcf32a4c2f97b5)  -> (artifact id: '58112e0ee358a45c7da4eb1edcb1bbf8') in 0.007492 seconds 
========================================================================
Received Import Request.
  Time since last request: 0.000027 seconds.
  path: Assets/StarterAssets/Environment/Prefabs/Box_350x250x200_Prefab.prefab
  artifactKey: Guid(7b846d8f536f007498c941069487ce81) Importer(2089858483,934ff659095e30574adcf32a4c2f97b5)
Start importing Assets/StarterAssets/Environment/Prefabs/Box_350x250x200_Prefab.prefab using Guid(7b846d8f536f007498c941069487ce81) Importer(2089858483,934ff659095e30574adcf32a4c2f97b5)  -> (artifact id: '5c82362f272a7706c22f8bbcfa17a035') in 0.008192 seconds 
========================================================================
Received Import Request.
  Time since last request: 0.000023 seconds.
  path: Assets/StarterAssets/Environment/Art/Textures/Grid_02_BaseMap.png
  artifactKey: Guid(d9c0dd5cdac07b145be73329e489869a) Importer(2089858483,934ff659095e30574adcf32a4c2f97b5)
Start importing Assets/StarterAssets/Environment/Art/Textures/Grid_02_BaseMap.png using Guid(d9c0dd5cdac07b145be73329e489869a) Importer(2089858483,934ff659095e30574adcf32a4c2f97b5)  -> (artifact id: '84a11d762ecf4454eb10352130fe7e40') in 0.009197 seconds 
========================================================================
Received Import Request.
  Time since last request: 0.000032 seconds.
  path: Assets/StarterAssets/Mobile/UI/UI_Icon_Move.png
  artifactKey: Guid(ff7bfa7addf40784d86f62b8e4a034a6) Importer(2089858483,934ff659095e30574adcf32a4c2f97b5)
Start importing Assets/StarterAssets/Mobile/UI/UI_Icon_Move.png using Guid(ff7bfa7addf40784d86f62b8e4a034a6) Importer(2089858483,934ff659095e30574adcf32a4c2f97b5)  -> (artifact id: 'ab2f95bf7f1667a93f303ba469d1a8ce') in 0.009924 seconds 
========================================================================
Received Import Request.
  Time since last request: 0.000037 seconds.
  path: Assets/StarterAssets/Environment/Art/Models/Box_350x250x300_Mesh.fbx
  artifactKey: Guid(d2f0da3998423f44594868ffed55c3e6) Importer(2089858483,934ff659095e30574adcf32a4c2f97b5)
Start importing Assets/StarterAssets/Environment/Art/Models/Box_350x250x300_Mesh.fbx using Guid(d2f0da3998423f44594868ffed55c3e6) Importer(2089858483,934ff659095e30574adcf32a4c2f97b5)  -> (artifact id: 'c0b9999cc850d1d6689e38842c0ae126') in 0.008923 seconds 
========================================================================
Received Import Request.
  Time since last request: 0.000053 seconds.
  path: Assets/StarterAssets/Mobile/Scripts/VirtualInputs/UIVirtualTouchZone.cs
  artifactKey: Guid(65870f34fef70aa44b0f562cfc810220) Importer(2089858483,934ff659095e30574adcf32a4c2f97b5)
Start importing Assets/StarterAssets/Mobile/Scripts/VirtualInputs/UIVirtualTouchZone.cs using Guid(65870f34fef70aa44b0f562cfc810220) Importer(2089858483,934ff659095e30574adcf32a4c2f97b5)  -> (artifact id: '338f03f0e75ddaebbb0a350b095afdc0') in 0.007932 seconds 
========================================================================
Received Import Request.
  Time since last request: 0.000062 seconds.
  path: Assets/StarterAssets/ThirdPersonController/Character/Textures/Armature_Arms_Normal.tif
  artifactKey: Guid(104a45460231b8d4783e0bb2223be28c) Importer(2089858483,934ff659095e30574adcf32a4c2f97b5)
Start importing Assets/StarterAssets/ThirdPersonController/Character/Textures/Armature_Arms_Normal.tif using Guid(104a45460231b8d4783e0bb2223be28c) Importer(2089858483,934ff659095e30574adcf32a4c2f97b5)  -> (artifact id: '8e7d41ffbd3194e1f018fdab5e68189f') in 0.010095 seconds 
========================================================================
Received Import Request.
  Time since last request: 0.000028 seconds.
  path: Assets/StarterAssets/ThirdPersonController/Character/Textures/Armature_Body_MetallicSmoothness.tif
  artifactKey: Guid(e73adacd5e8f6fc45a491dbd62e71ead) Importer(2089858483,934ff659095e30574adcf32a4c2f97b5)
Start importing Assets/StarterAssets/ThirdPersonController/Character/Textures/Armature_Body_MetallicSmoothness.tif using Guid(e73adacd5e8f6fc45a491dbd62e71ead) Importer(2089858483,934ff659095e30574adcf32a4c2f97b5)  -> (artifact id: '5cadad477b2a7a55c6f2760c7036cdca') in 0.010421 seconds 
========================================================================
Received Import Request.
  Time since last request: 0.000027 seconds.
  path: Assets/Materials/Bricks059_1K-JPG.usda
  artifactKey: Guid(161ec689429b51f4c95fcf268e23d714) Importer(2089858483,934ff659095e30574adcf32a4c2f97b5)
Start importing Assets/Materials/Bricks059_1K-JPG.usda using Guid(161ec689429b51f4c95fcf268e23d714) Importer(2089858483,934ff659095e30574adcf32a4c2f97b5)  -> (artifact id: 'be300e889af916c0e76c5110742c25f6') in 0.008324 seconds 
========================================================================
Received Import Request.
  Time since last request: 0.000026 seconds.
  path: Assets/StarterAssets/Mobile/UI/UI_Circle_Faded.png
  artifactKey: Guid(90ded0611e490aa4ba6961afbfc2280d) Importer(2089858483,934ff659095e30574adcf32a4c2f97b5)
Start importing Assets/StarterAssets/Mobile/UI/UI_Circle_Faded.png using Guid(90ded0611e490aa4ba6961afbfc2280d) Importer(2089858483,934ff659095e30574adcf32a4c2f97b5)  -> (artifact id: '2ac09f1e0e7004cba8485155d32d0ff2') in 0.019369 seconds 
========================================================================
Received Import Request.
  Time since last request: 0.000023 seconds.
  path: Assets/StarterAssets/Environment/Art/Models/Stairs_650_400_300_Mesh.fbx
  artifactKey: Guid(7e0223e1d3e1733499accfa5ebffb67e) Importer(2089858483,934ff659095e30574adcf32a4c2f97b5)
Start importing Assets/StarterAssets/Environment/Art/Models/Stairs_650_400_300_Mesh.fbx using Guid(7e0223e1d3e1733499accfa5ebffb67e) Importer(2089858483,934ff659095e30574adcf32a4c2f97b5)  -> (artifact id: '360b3cd294af55e46290780835f13da5') in 0.010249 seconds 
========================================================================
Received Import Request.
  Time since last request: 0.000024 seconds.
  path: Assets/StarterAssets/Mobile/Scripts/VirtualInputs/UIVirtualJoystick.cs
  artifactKey: Guid(f2cb8c4d669392748bb924209de33b85) Importer(2089858483,934ff659095e30574adcf32a4c2f97b5)
Start importing Assets/StarterAssets/Mobile/Scripts/VirtualInputs/UIVirtualJoystick.cs using Guid(f2cb8c4d669392748bb924209de33b85) Importer(2089858483,934ff659095e30574adcf32a4c2f97b5)  -> (artifact id: 'bfa6721ef1a7ddfc85d507732a5986a1') in 0.007952 seconds 
========================================================================
Received Import Request.
  Time since last request: 0.000027 seconds.
  path: Assets/StarterAssets/ThirdPersonController/Character/Textures/Armature_Arms_AlbedoTransparency.tif
  artifactKey: Guid(c6dc62700fa06274b9608a9fce8ed21b) Importer(2089858483,934ff659095e30574adcf32a4c2f97b5)
Start importing Assets/StarterAssets/ThirdPersonController/Character/Textures/Armature_Arms_AlbedoTransparency.tif using Guid(c6dc62700fa06274b9608a9fce8ed21b) Importer(2089858483,934ff659095e30574adcf32a4c2f97b5)  -> (artifact id: '584533322ffa8b88ee7d5f42d08b4b5e') in 0.010052 seconds 
========================================================================
Received Import Request.
  Time since last request: 0.000025 seconds.
  path: Assets/StarterAssets/ThirdPersonController/Prefabs/PlayerArmature.prefab
  artifactKey: Guid(64dce48905ffd9b4293e595fa6941544) Importer(2089858483,934ff659095e30574adcf32a4c2f97b5)
Start importing Assets/StarterAssets/ThirdPersonController/Prefabs/PlayerArmature.prefab using Guid(64dce48905ffd9b4293e595fa6941544) Importer(2089858483,934ff659095e30574adcf32a4c2f97b5)  -> (artifact id: '709d0c4c62787fcd5cf21d06144ee37c') in 0.013141 seconds 
========================================================================
Received Import Request.
  Time since last request: 0.000029 seconds.
  path: Assets/StarterAssets/Environment/Shaders/Built-in_RP/Triplanar.shader
  artifactKey: Guid(e61aeb7487ccb5e4fb6d45036e33fb7b) Importer(2089858483,934ff659095e30574adcf32a4c2f97b5)
Start importing Assets/StarterAssets/Environment/Shaders/Built-in_RP/Triplanar.shader using Guid(e61aeb7487ccb5e4fb6d45036e33fb7b) Importer(2089858483,934ff659095e30574adcf32a4c2f97b5)  -> (artifact id: 'e9bef2b8aded6463bef28b9be0ac9aee') in 0.007933 seconds 
========================================================================
Received Import Request.
  Time since last request: 0.000034 seconds.
  path: Assets/StarterAssets/license.txt
  artifactKey: Guid(b846ecad8a98bd34dba8a5daf996d86e) Importer(2089858483,934ff659095e30574adcf32a4c2f97b5)
Start importing Assets/StarterAssets/license.txt using Guid(b846ecad8a98bd34dba8a5daf996d86e) Importer(2089858483,934ff659095e30574adcf32a4c2f97b5)  -> (artifact id: 'd0342d893c3825a448e8944a1fa8d50c') in 0.014099 seconds 
========================================================================
Received Import Request.
  Time since last request: 0.000039 seconds.
  path: Assets/Materials/PavingStones111_1K_Roughness.jpg
  artifactKey: Guid(f7b54a789060fe54f909d879d5505344) Importer(2089858483,934ff659095e30574adcf32a4c2f97b5)
Start importing Assets/Materials/PavingStones111_1K_Roughness.jpg using Guid(f7b54a789060fe54f909d879d5505344) Importer(2089858483,934ff659095e30574adcf32a4c2f97b5)  -> (artifact id: '7e9169d8abb0d21296bfbb97729aee8a') in 0.008034 seconds 
========================================================================
Received Import Request.
  Time since last request: 0.000019 seconds.
  path: Assets/Materials/PavingStones111_1K-JPG.usda
  artifactKey: Guid(e0dbf5bb8af3213448e821b0ff5f6fcc) Importer(2089858483,934ff659095e30574adcf32a4c2f97b5)
Start importing Assets/Materials/PavingStones111_1K-JPG.usda using Guid(e0dbf5bb8af3213448e821b0ff5f6fcc) Importer(2089858483,934ff659095e30574adcf32a4c2f97b5)  -> (artifact id: '5ecda6e859a35234b12dba5ddd87616e') in 0.006518 seconds 
========================================================================
Received Import Request.
  Time since last request: 0.000028 seconds.
  path: Assets/StarterAssets/Editor/ThirdPersonStarterAssetsDeployMenu.cs
  artifactKey: Guid(b70f45aa92a641feb261c5d55ce46edf) Importer(2089858483,934ff659095e30574adcf32a4c2f97b5)
Start importing Assets/StarterAssets/Editor/ThirdPersonStarterAssetsDeployMenu.cs using Guid(b70f45aa92a641feb261c5d55ce46edf) Importer(2089858483,934ff659095e30574adcf32a4c2f97b5)  -> (artifact id: '45067bc6719638b430631d17b4e322cf') in 0.006263 seconds 
========================================================================
Received Import Request.
  Time since last request: 0.000024 seconds.
  path: Assets/Settings/URP-HighFidelity.asset
  artifactKey: Guid(7b7fd9122c28c4d15b667c7040e3b3fd) Importer(2089858483,934ff659095e30574adcf32a4c2f97b5)
Start importing Assets/Settings/URP-HighFidelity.asset using Guid(7b7fd9122c28c4d15b667c7040e3b3fd) Importer(2089858483,934ff659095e30574adcf32a4c2f97b5)  -> (artifact id: '280abcdbcb6ef8c22ba15fe84b415667') in 0.007233 seconds 
========================================================================
Received Import Request.
  Time since last request: 0.000026 seconds.
  path: Assets/StarterAssets/ThirdPersonController/Scenes/Playground/ReflectionProbe-0.exr
  artifactKey: Guid(b65762d7243eb714e903b585ed68a576) Importer(2089858483,934ff659095e30574adcf32a4c2f97b5)
Start importing Assets/StarterAssets/ThirdPersonController/Scenes/Playground/ReflectionProbe-0.exr using Guid(b65762d7243eb714e903b585ed68a576) Importer(2089858483,934ff659095e30574adcf32a4c2f97b5)  -> (artifact id: '197f1b7fd0f8d622f7fb58a3642e35a2') in 0.015263 seconds 
========================================================================
Received Import Request.
  Time since last request: 0.000027 seconds.
  path: Assets/StarterAssets/ThirdPersonController/Scenes/Playground/ReflectionProbe-2.exr
  artifactKey: Guid(7e3f1677bc1aead4fb8791998078dcec) Importer(2089858483,934ff659095e30574adcf32a4c2f97b5)
Start importing Assets/StarterAssets/ThirdPersonController/Scenes/Playground/ReflectionProbe-2.exr using Guid(7e3f1677bc1aead4fb8791998078dcec) Importer(2089858483,934ff659095e30574adcf32a4c2f97b5)  -> (artifact id: '1c115afaa0df66557a3604b116e70a6d') in 0.009500 seconds 
========================================================================
Received Import Request.
  Time since last request: 0.000027 seconds.
  path: Assets/StarterAssets/ThirdPersonController/Scenes/Playground/LightingData.asset
  artifactKey: Guid(51e8050f26ab504469d218c927558c5e) Importer(2089858483,934ff659095e30574adcf32a4c2f97b5)
Start importing Assets/StarterAssets/ThirdPersonController/Scenes/Playground/LightingData.asset using Guid(51e8050f26ab504469d218c927558c5e) Importer(2089858483,934ff659095e30574adcf32a4c2f97b5)  -> (artifact id: 'fc9c9facbf2cf57c88624adbbc938c5e') in 0.019363 seconds 
========================================================================
Received Import Request.
  Time since last request: 0.000021 seconds.
  path: Assets/Materials/Brick.mat
  artifactKey: Guid(b30f44497c69fea4f8fc12135e8572db) Importer(2089858483,934ff659095e30574adcf32a4c2f97b5)
Start importing Assets/Materials/Brick.mat using Guid(b30f44497c69fea4f8fc12135e8572db) Importer(2089858483,934ff659095e30574adcf32a4c2f97b5)  -> (artifact id: '88e5deeaba971c0834d9364ff9c53485') in 0.007978 seconds 
========================================================================
Received Import Request.
  Time since last request: 0.000028 seconds.
  path: Assets/Materials/Bricks059_1K_NormalDX.jpg
  artifactKey: Guid(e4058951fee24e0498fc78fcee16be7b) Importer(2089858483,934ff659095e30574adcf32a4c2f97b5)
Start importing Assets/Materials/Bricks059_1K_NormalDX.jpg using Guid(e4058951fee24e0498fc78fcee16be7b) Importer(2089858483,934ff659095e30574adcf32a4c2f97b5)  -> (artifact id: 'da5ff260db0104820c393b43b56a7d8a') in 0.009121 seconds 
========================================================================
Received Import Request.
  Time since last request: 0.000024 seconds.
  path: Assets/StarterAssets/Environment/Prefabs/Ramp_Prefab.prefab
  artifactKey: Guid(8a7437817844dce4894b049de73b75f2) Importer(2089858483,934ff659095e30574adcf32a4c2f97b5)
Start importing Assets/StarterAssets/Environment/Prefabs/Ramp_Prefab.prefab using Guid(8a7437817844dce4894b049de73b75f2) Importer(2089858483,934ff659095e30574adcf32a4c2f97b5)  -> (artifact id: '595e9cab466e29165c15d602fc9201d1') in 0.018571 seconds 
========================================================================
Received Import Request.
  Time since last request: 0.000028 seconds.
  path: Assets/StarterAssets/Mobile/UI/UI_Icon_Sprint.png
  artifactKey: Guid(b0fa70abd2a79904cb00b175dfd8ec7e) Importer(2089858483,934ff659095e30574adcf32a4c2f97b5)
Start importing Assets/StarterAssets/Mobile/UI/UI_Icon_Sprint.png using Guid(b0fa70abd2a79904cb00b175dfd8ec7e) Importer(2089858483,934ff659095e30574adcf32a4c2f97b5)  -> (artifact id: '0a87b3155d9326a8614e6933010737fa') in 0.009980 seconds 
========================================================================
Received Import Request.
  Time since last request: 0.000032 seconds.
  path: Assets/StarterAssets/Environment/Art/Textures/Grid_01_BaseMap.png
  artifactKey: Guid(d1118dda59970a2449ee890fa247c4c5) Importer(2089858483,934ff659095e30574adcf32a4c2f97b5)
Start importing Assets/StarterAssets/Environment/Art/Textures/Grid_01_BaseMap.png using Guid(d1118dda59970a2449ee890fa247c4c5) Importer(2089858483,934ff659095e30574adcf32a4c2f97b5)  -> (artifact id: '266ef1a60739f5a40cb1d0ce96b592fa') in 0.010758 seconds 
========================================================================
Received Import Request.
  Time since last request: 0.000051 seconds.
  path: Assets/StarterAssets/Environment/Art/Skybox/SkyboxLite.mat
  artifactKey: Guid(f6c51332ac7d92541a38fb263b09d2a8) Importer(2089858483,934ff659095e30574adcf32a4c2f97b5)
Start importing Assets/StarterAssets/Environment/Art/Skybox/SkyboxLite.mat using Guid(f6c51332ac7d92541a38fb263b09d2a8) Importer(2089858483,934ff659095e30574adcf32a4c2f97b5)  -> (artifact id: '7fdf3ca07629267e64c6d6dfb92b0eaa') in 0.008249 seconds 
========================================================================
Received Import Request.
  Time since last request: 0.000024 seconds.
  path: Assets/StarterAssets/ThirdPersonController/Character/Animations/Locomotion--Run_N_Land.anim.fbx
  artifactKey: Guid(3c033631149b9c541bcf155cd94cccba) Importer(2089858483,934ff659095e30574adcf32a4c2f97b5)
Start importing Assets/StarterAssets/ThirdPersonController/Character/Animations/Locomotion--Run_N_Land.anim.fbx using Guid(3c033631149b9c541bcf155cd94cccba) Importer(2089858483,934ff659095e30574adcf32a4c2f97b5)  -> (artifact id: 'b7221c04816c77452a5d5c16becae79f') in 0.010667 seconds 
========================================================================
Received Import Request.
  Time since last request: 0.000031 seconds.
  path: Assets/Materials/Bricks059_1K_NormalGL.jpg
  artifactKey: Guid(9827e3f6d2f173e40b8807ba16ea4fa8) Importer(2089858483,934ff659095e30574adcf32a4c2f97b5)
Start importing Assets/Materials/Bricks059_1K_NormalGL.jpg using Guid(9827e3f6d2f173e40b8807ba16ea4fa8) Importer(2089858483,934ff659095e30574adcf32a4c2f97b5)  -> (artifact id: '0c376915ee4d058cb00846e3e2745a0a') in 0.008208 seconds 
========================================================================
Received Import Request.
  Time since last request: 0.000025 seconds.
  path: Assets/Scenes/SampleScene.unity
  artifactKey: Guid(99c9720ab356a0642a771bea13969a05) Importer(2089858483,934ff659095e30574adcf32a4c2f97b5)
Start importing Assets/Scenes/SampleScene.unity using Guid(99c9720ab356a0642a771bea13969a05) Importer(2089858483,934ff659095e30574adcf32a4c2f97b5)  -> (artifact id: '15be0b670c0a6e1a600c8822be7963ff') in 0.007244 seconds 
========================================================================
Received Import Request.
  Time since last request: 0.000028 seconds.
  path: Assets/StarterAssets/ThirdPersonController/Character/Animations/Locomotion--Run_N.anim.fbx
  artifactKey: Guid(16114d403eabb53438de032c6f0d1deb) Importer(2089858483,934ff659095e30574adcf32a4c2f97b5)
Start importing Assets/StarterAssets/ThirdPersonController/Character/Animations/Locomotion--Run_N.anim.fbx using Guid(16114d403eabb53438de032c6f0d1deb) Importer(2089858483,934ff659095e30574adcf32a4c2f97b5)  -> (artifact id: '5f37809e86e83f93b5b9f8f7c8c3473a') in 0.009811 seconds 
========================================================================
Received Import Request.
  Time since last request: 0.000023 seconds.
  path: Assets/StarterAssets/Environment/Art/Materials/GridWhite_01_Mat.mat
  artifactKey: Guid(dbf898c9f9c4a2d46aa6336e23caeb61) Importer(2089858483,934ff659095e30574adcf32a4c2f97b5)
Start importing Assets/StarterAssets/Environment/Art/Materials/GridWhite_01_Mat.mat using Guid(dbf898c9f9c4a2d46aa6336e23caeb61) Importer(2089858483,934ff659095e30574adcf32a4c2f97b5)  -> (artifact id: '4074fc60201561972da810a9335bf7a7') in 0.007074 seconds 
========================================================================
Received Import Request.
  Time since last request: 0.000027 seconds.
  path: Assets/StarterAssets/Editor/PackageChecker/PackageImportList.txt
  artifactKey: Guid(77db531f6c7d0ce4da51f6017f51c622) Importer(2089858483,934ff659095e30574adcf32a4c2f97b5)
Start importing Assets/StarterAssets/Editor/PackageChecker/PackageImportList.txt using Guid(77db531f6c7d0ce4da51f6017f51c622) Importer(2089858483,934ff659095e30574adcf32a4c2f97b5)  -> (artifact id: '93f648912e2c8bf250a3568e9e95fcaa') in 0.006778 seconds 
========================================================================
Received Import Request.
  Time since last request: 0.000022 seconds.
  path: Assets/Materials/Concreate.mat
  artifactKey: Guid(55f527438fcee0a468c1159e1bb5ab44) Importer(2089858483,934ff659095e30574adcf32a4c2f97b5)
Start importing Assets/Materials/Concreate.mat using Guid(55f527438fcee0a468c1159e1bb5ab44) Importer(2089858483,934ff659095e30574adcf32a4c2f97b5)  -> (artifact id: '0b0a371c73769d02d1dbf1cf526e16a6') in 0.006747 seconds 
========================================================================
Received Import Request.
  Time since last request: 0.000021 seconds.
  path: Assets/StarterAssets/ThirdPersonController/Scenes/Playground.unity
  artifactKey: Guid(e9017d5f96b9f09489b4b37e1d6eb914) Importer(2089858483,934ff659095e30574adcf32a4c2f97b5)
Start importing Assets/StarterAssets/ThirdPersonController/Scenes/Playground.unity using Guid(e9017d5f96b9f09489b4b37e1d6eb914) Importer(2089858483,934ff659095e30574adcf32a4c2f97b5)  -> (artifact id: '744a5d5671eba3097c2935952b64bed8') in 0.007249 seconds 
========================================================================
Received Import Request.
  Time since last request: 0.000023 seconds.
  path: Assets/StarterAssets/StarterAssets_Documentation.pdf
  artifactKey: Guid(a4b3ee9030379a042983d43d671fcc92) Importer(2089858483,934ff659095e30574adcf32a4c2f97b5)
Start importing Assets/StarterAssets/StarterAssets_Documentation.pdf using Guid(a4b3ee9030379a042983d43d671fcc92) Importer(2089858483,934ff659095e30574adcf32a4c2f97b5)  -> (artifact id: 'ecb9c88cc5b6824f616301f19a5b6215') in 0.009623 seconds 
========================================================================
Received Import Request.
  Time since last request: 0.000024 seconds.
  path: Assets/StarterAssets/Mobile/Prefabs/VirtualInputs/UI_Virtual_Button.prefab
  artifactKey: Guid(9e55d9b4642484f41be20c69a9b48063) Importer(2089858483,934ff659095e30574adcf32a4c2f97b5)
Start importing Assets/StarterAssets/Mobile/Prefabs/VirtualInputs/UI_Virtual_Button.prefab using Guid(9e55d9b4642484f41be20c69a9b48063) Importer(2089858483,934ff659095e30574adcf32a4c2f97b5)  -> (artifact id: 'db94f156a81be4abf98c4643f1dfed84') in 0.011052 seconds 
========================================================================
Received Import Request.
  Time since last request: 0.000023 seconds.
  path: Assets/Materials/PavingStones111_1K_NormalGL.jpg
  artifactKey: Guid(404578caf01ce514d9ada9ad48c22190) Importer(2089858483,934ff659095e30574adcf32a4c2f97b5)
Start importing Assets/Materials/PavingStones111_1K_NormalGL.jpg using Guid(404578caf01ce514d9ada9ad48c22190) Importer(2089858483,934ff659095e30574adcf32a4c2f97b5)  -> (artifact id: '7988e40c77e6c4df07fc33212316b34b') in 0.007771 seconds 
========================================================================
Received Import Request.
  Time since last request: 0.000029 seconds.
  path: Assets/StarterAssets/Environment/Prefabs/Tunnel_Prefab.prefab
  artifactKey: Guid(e5d7b87d422ee0f478ee09eb32e24f4e) Importer(2089858483,934ff659095e30574adcf32a4c2f97b5)
Start importing Assets/StarterAssets/Environment/Prefabs/Tunnel_Prefab.prefab using Guid(e5d7b87d422ee0f478ee09eb32e24f4e) Importer(2089858483,934ff659095e30574adcf32a4c2f97b5)  -> (artifact id: '1670f706ca16969c40d3433fc1921638') in 0.007841 seconds 
========================================================================
Received Import Request.
  Time since last request: 0.000019 seconds.
  path: Assets/StarterAssets/Environment/Art/Textures/Grid_01_Emissive.png
  artifactKey: Guid(d4d6919451fe3e24388816386a6d15a4) Importer(2089858483,934ff659095e30574adcf32a4c2f97b5)
Start importing Assets/StarterAssets/Environment/Art/Textures/Grid_01_Emissive.png using Guid(d4d6919451fe3e24388816386a6d15a4) Importer(2089858483,934ff659095e30574adcf32a4c2f97b5)  -> (artifact id: '8284a0d626e8a0b3630e746f2cd5bd51') in 0.011757 seconds 
========================================================================
Received Import Request.
  Time since last request: 0.000026 seconds.
  path: Assets/StarterAssets/ThirdPersonController/Prefabs/PlayerFollowCamera.prefab
  artifactKey: Guid(a1a802ecaf6775746bb2a929fb554ad8) Importer(2089858483,934ff659095e30574adcf32a4c2f97b5)
Start importing Assets/StarterAssets/ThirdPersonController/Prefabs/PlayerFollowCamera.prefab using Guid(a1a802ecaf6775746bb2a929fb554ad8) Importer(2089858483,934ff659095e30574adcf32a4c2f97b5)  -> (artifact id: 'bda43482f454da4eb8bdb2e033b1b718') in 0.008960 seconds 
========================================================================
Received Import Request.
  Time since last request: 0.000025 seconds.
  path: Assets/StarterAssets/Mobile/Prefabs/VirtualInputs/UI_Virtual_TouchZone.prefab
  artifactKey: Guid(c82978c3789dad44da354dc354c782b2) Importer(2089858483,934ff659095e30574adcf32a4c2f97b5)
Start importing Assets/StarterAssets/Mobile/Prefabs/VirtualInputs/UI_Virtual_TouchZone.prefab using Guid(c82978c3789dad44da354dc354c782b2) Importer(2089858483,934ff659095e30574adcf32a4c2f97b5)  -> (artifact id: '8b40f1965fa227b2a7e97dc4ce1e9634') in 0.009159 seconds 
========================================================================
Received Import Request.
  Time since last request: 0.000019 seconds.
  path: Assets/StarterAssets/InputSystem/StarterAssetsInputs.cs
  artifactKey: Guid(e087ecce43ebbff45a1b360637807d93) Importer(2089858483,934ff659095e30574adcf32a4c2f97b5)
Start importing Assets/StarterAssets/InputSystem/StarterAssetsInputs.cs using Guid(e087ecce43ebbff45a1b360637807d93) Importer(2089858483,934ff659095e30574adcf32a4c2f97b5)  -> (artifact id: '659a043d4ce2bc639afe8c61e994632c') in 0.007219 seconds 
========================================================================
Received Import Request.
  Time since last request: 0.000025 seconds.
  path: Assets/Materials/Bricks059_1K_Displacement.jpg
  artifactKey: Guid(f77d83a455a185f4da8de533c93d24af) Importer(2089858483,934ff659095e30574adcf32a4c2f97b5)
Start importing Assets/Materials/Bricks059_1K_Displacement.jpg using Guid(f77d83a455a185f4da8de533c93d24af) Importer(2089858483,934ff659095e30574adcf32a4c2f97b5)  -> (artifact id: 'aeb3b33585e836ef4b807f0eace54fb9') in 0.008280 seconds 
========================================================================
Received Import Request.
  Time since last request: 0.000025 seconds.
  path: Assets/StarterAssets/ThirdPersonController/Character/Models/Armature.fbx
  artifactKey: Guid(36078ab0369161e49a29d349ae3e0739) Importer(2089858483,934ff659095e30574adcf32a4c2f97b5)
Start importing Assets/StarterAssets/ThirdPersonController/Character/Models/Armature.fbx using Guid(36078ab0369161e49a29d349ae3e0739) Importer(2089858483,934ff659095e30574adcf32a4c2f97b5)  -> (artifact id: '8c5cb0e8317291cb113306f0cb11d7ef') in 0.012989 seconds 
========================================================================
Received Import Request.
  Time since last request: 0.000020 seconds.
  path: Assets/Settings/SampleSceneProfile.asset
  artifactKey: Guid(a6560a915ef98420e9faacc1c7438823) Importer(2089858483,934ff659095e30574adcf32a4c2f97b5)
Start importing Assets/Settings/SampleSceneProfile.asset using Guid(a6560a915ef98420e9faacc1c7438823) Importer(2089858483,934ff659095e30574adcf32a4c2f97b5)  -> (artifact id: 'bf620a848df96c287f5d6cfcaa3934a6') in 0.012350 seconds 
========================================================================
Received Import Request.
  Time since last request: 0.000022 seconds.
  path: Assets/StarterAssets/ThirdPersonController/Character/Materials/M_Armature_Body.mat
  artifactKey: Guid(43714b68324cc2c409d534d9874f2a2b) Importer(2089858483,934ff659095e30574adcf32a4c2f97b5)
Start importing Assets/StarterAssets/ThirdPersonController/Character/Materials/M_Armature_Body.mat using Guid(43714b68324cc2c409d534d9874f2a2b) Importer(2089858483,934ff659095e30574adcf32a4c2f97b5)  -> (artifact id: 'f8a075dd95a705cc0fbddcf347841bb6') in 0.007202 seconds 
Editor requested this worker to shutdown with reason: Scaling down because of idle timeout
AssetImportWorker is now disconnected from the server
Process exiting
Exiting without the bug reporter. Application will terminate with return code 0